[ 2015-06-16T10:44:54+08:00 ] 183.14.131.19 /index.php?s=/Admin/Index/Index.html
INFO: [ app_init ] --START--
INFO: Run Behavior\BuildLiteBehavior [ RunTime:0.000014s ]
INFO: [ app_init ] --END-- [ RunTime:0.000268s ]
INFO: [ app_begin ] --START--
INFO: Run Behavior\ReadHtmlCacheBehavior [ RunTime:0.000327s ]
SQL: SHOW COLUMNS FROM `v_option` [ RunTime:0.0007s ]
SQL: SELECT `meta_value` FROM `v_option` WHERE `meta_key` = 'EMAIL' AND `type` = 'other' LIMIT 1   [ RunTime:0.0001s ]
SQL: SELECT `meta_value` FROM `v_option` WHERE `lang` = 'zh' AND `meta_key` = 'MOBILE' AND `type` = 'other' LIMIT 1   [ RunTime:0.0001s ]
SQL: SELECT `meta_value` FROM `v_option` WHERE `meta_key` = 'PHONE' AND `type` = 'other' LIMIT 1   [ RunTime:0.0001s ]
SQL: SELECT `meta_value` FROM `v_option` WHERE `lang` = 'zh' AND `meta_key` = 'ABOUT' AND `type` = 'index' LIMIT 1   [ RunTime:0.0001s ]
INFO: Run Behavior\CheckLangBehavior [ RunTime:0.008775s ]
INFO: [ app_begin ] --END-- [ RunTime:0.009190s ]
NOTIC: [8] Undefined index: admin_user /home/xiongjiang/www/App/Common/Common/function.php 第 75 行.
SQL: SELECT `meta_value` FROM `v_option` WHERE (  meta_key='site_name' ) AND `lang` = 'zh' LIMIT 1   [ RunTime:0.0001s ]
SQL: SELECT * FROM `v_option` WHERE `meta_key` = 'meta' AND `lang` = 'zh'  [ RunTime:0.0004s ]
SQL: SELECT `meta_value` FROM `v_option` WHERE ( meta_key='site_url' ) LIMIT 1   [ RunTime:0.0001s ]
SQL: SELECT `meta_value` FROM `v_option` WHERE ( meta_key='site_url' ) LIMIT 1   [ RunTime:0.0001s ]
SQL: SELECT `meta_value` FROM `v_option` WHERE ( meta_key='site_url' ) LIMIT 1   [ RunTime:0.0001s ]
SQL: SELECT `meta_value` FROM `v_option` WHERE ( meta_key='site_url' ) LIMIT 1   [ RunTime:0.0001s ]
SQL: SELECT `meta_value` FROM `v_option` WHERE ( meta_key='site_url' ) LIMIT 1   [ RunTime:0.0001s ]
SQL: SELECT `meta_value` FROM `v_option` WHERE ( meta_key='site_url' ) LIMIT 1   [ RunTime:0.0001s ]
SQL: SELECT `meta_value` FROM `v_option` WHERE ( meta_key='site_url' ) LIMIT 1   [ RunTime:0.0001s ]
SQL: SELECT `meta_value` FROM `v_option` WHERE ( meta_key='site_url' ) LIMIT 1   [ RunTime:0.0001s ]
SQL: SHOW COLUMNS FROM `v_product_category` [ RunTime:0.0005s ]
SQL: SELECT * FROM `v_product_category` WHERE `lang` = 'zh' ORDER BY `order` asc,`created` desc  [ RunTime:0.0001s ]
SQL: SHOW COLUMNS FROM `v_article_category` [ RunTime:0.0004s ]
SQL: SELECT * FROM `v_article_category` WHERE `lang` = 'zh'  [ RunTime:0.0001s ]
SQL: SELECT `meta_value` FROM `v_option` WHERE ( meta_key='site_url' ) LIMIT 1   [ RunTime:0.0001s ]
SQL: SELECT `meta_value` FROM `v_option` WHERE ( meta_key='site_url' ) LIMIT 1   [ RunTime:0.0001s ]
SQL: SELECT `meta_value` FROM `v_option` WHERE ( meta_key='site_url' ) LIMIT 1   [ RunTime:0.0001s ]
SQL: SHOW COLUMNS FROM `v_page` [ RunTime:0.0005s ]
SQL: SELECT `id` FROM `v_page` WHERE `lang` = 'zh' AND `callcode` = 'support' LIMIT 1   [ RunTime:0.0001s ]
SQL: SELECT * FROM `v_page` WHERE `lang` = 'zh' AND `sub_id` = '11'  [ RunTime:0.0002s ]
SQL: SELECT `id` FROM `v_page` WHERE `lang` = 'zh' AND `callcode` = 'channel' LIMIT 1   [ RunTime:0.0001s ]
SQL: SELECT * FROM `v_page` WHERE `lang` = 'zh' AND `sub_id` = '10'  [ RunTime:0.0001s ]
SQL: SELECT `id` FROM `v_page` WHERE `lang` = 'zh' AND `callcode` = 'about' LIMIT 1   [ RunTime:0.0001s ]
SQL: SELECT * FROM `v_page` WHERE `lang` = 'zh' AND `sub_id` = '13'  [ RunTime:0.0001s ]
SQL: SELECT `meta_value` FROM `v_option` WHERE ( meta_key='site_url' ) LIMIT 1   [ RunTime:0.0001s ]
SQL: SELECT `meta_value` FROM `v_option` WHERE ( meta_key='site_url' ) LIMIT 1   [ RunTime:0.0001s ]
SQL: SELECT `meta_value` FROM `v_option` WHERE ( meta_key='site_url' ) LIMIT 1   [ RunTime:0.0001s ]
INFO: [ view_filter ] --START--
INFO: Run Behavior\WriteHtmlCacheBehavior [ RunTime:0.000135s ]
INFO: [ view_filter ] --END-- [ RunTime:0.000190s ]
SQL: SELECT `meta_value` FROM `v_option` WHERE ( meta_key='site_url' ) LIMIT 1   [ RunTime:0.0001s ]
INFO: [ view_filter ] --START--
INFO: Run Behavior\WriteHtmlCacheBehavior [ RunTime:0.000011s ]
INFO: [ view_filter ] --END-- [ RunTime:-0.000437s ]
INFO: [ view_filter ] --START--
INFO: Run Behavior\WriteHtmlCacheBehavior [ RunTime:0.000010s ]
INFO: [ view_filter ] --END-- [ RunTime:-0.000538s ]
INFO: [ app_end ] --START--
INFO: Run Behavior\ShowPageTraceBehavior [ RunTime:0.000377s ]
INFO: [ app_end ] --END-- [ RunTime:0.000433s ]

[ 2015-06-16T10:44:56+08:00 ] 183.14.131.19 /index.php?s=/Admin/User/Login.html
INFO: [ app_init ] --START--
INFO: Run Behavior\BuildLiteBehavior [ RunTime:0.000014s ]
INFO: [ app_init ] --END-- [ RunTime:0.000305s ]
INFO: [ app_begin ] --START--
INFO: Run Behavior\ReadHtmlCacheBehavior [ RunTime:0.000354s ]
SQL: SHOW COLUMNS FROM `v_option` [ RunTime:0.0007s ]
SQL: SELECT `meta_value` FROM `v_option` WHERE `meta_key` = 'EMAIL' AND `type` = 'other' LIMIT 1   [ RunTime:0.0001s ]
SQL: SELECT `meta_value` FROM `v_option` WHERE `lang` = 'zh' AND `meta_key` = 'MOBILE' AND `type` = 'other' LIMIT 1   [ RunTime:0.0001s ]
SQL: SELECT `meta_value` FROM `v_option` WHERE `meta_key` = 'PHONE' AND `type` = 'other' LIMIT 1   [ RunTime:0.0001s ]
SQL: SELECT `meta_value` FROM `v_option` WHERE `lang` = 'zh' AND `meta_key` = 'ABOUT' AND `type` = 'index' LIMIT 1   [ RunTime:0.0001s ]
INFO: Run Behavior\CheckLangBehavior [ RunTime:0.008977s ]
INFO: [ app_begin ] --END-- [ RunTime:0.009420s ]
SQL: SELECT `meta_value` FROM `v_option` WHERE `meta_key` = 'theme' AND `type` = 'public' LIMIT 1   [ RunTime:0.0001s ]
SQL: SELECT `meta_value` FROM `v_option` WHERE ( meta_key='site_url' ) LIMIT 1   [ RunTime:0.0001s ]
SQL: SELECT `meta_value` FROM `v_option` WHERE ( meta_key='site_url' ) LIMIT 1   [ RunTime:0.0001s ]
SQL: SELECT `meta_value` FROM `v_option` WHERE ( meta_key='site_url' ) LIMIT 1   [ RunTime:0.0001s ]
SQL: SELECT `meta_value` FROM `v_option` WHERE ( meta_key='site_url' ) LIMIT 1   [ RunTime:0.0001s ]
SQL: SELECT `meta_value` FROM `v_option` WHERE ( meta_key='site_url' ) LIMIT 1   [ RunTime:0.0001s ]
SQL: SELECT `meta_value` FROM `v_option` WHERE ( meta_key='site_url' ) LIMIT 1   [ RunTime:0.0001s ]
SQL: SELECT `meta_value` FROM `v_option` WHERE ( meta_key='site_url' ) LIMIT 1   [ RunTime:0.0001s ]
SQL: SELECT `meta_value` FROM `v_option` WHERE ( meta_key='site_url' ) LIMIT 1   [ RunTime:0.0001s ]
SQL: SELECT `meta_value` FROM `v_option` WHERE ( meta_key='site_url' ) LIMIT 1   [ RunTime:0.0001s ]
SQL: SELECT `meta_value` FROM `v_option` WHERE ( meta_key='site_url' ) LIMIT 1   [ RunTime:0.0001s ]
SQL: SELECT `meta_value` FROM `v_option` WHERE ( meta_key='site_url' ) LIMIT 1   [ RunTime:0.0001s ]
SQL: SELECT `meta_value` FROM `v_option` WHERE ( meta_key='site_url' ) LIMIT 1   [ RunTime:0.0001s ]
SQL: SELECT `meta_value` FROM `v_option` WHERE ( meta_key='site_url' ) LIMIT 1   [ RunTime:0.0001s ]
SQL: SELECT `meta_value` FROM `v_option` WHERE ( meta_key='site_url' ) LIMIT 1   [ RunTime:0.0001s ]
SQL: SELECT `meta_value` FROM `v_option` WHERE ( meta_key='site_url' ) LIMIT 1   [ RunTime:0.0001s ]
SQL: SELECT `meta_value` FROM `v_option` WHERE ( meta_key='site_url' ) LIMIT 1   [ RunTime:0.0001s ]
SQL: SELECT `meta_value` FROM `v_option` WHERE ( meta_key='site_url' ) LIMIT 1   [ RunTime:0.0001s ]
SQL: SELECT `meta_value` FROM `v_option` WHERE ( meta_key='site_url' ) LIMIT 1   [ RunTime:0.0001s ]
SQL: SELECT `meta_value` FROM `v_option` WHERE ( meta_key='site_url' ) LIMIT 1   [ RunTime:0.0001s ]
SQL: SELECT `meta_value` FROM `v_option` WHERE ( meta_key='site_url' ) LIMIT 1   [ RunTime:0.0001s ]
SQL: SELECT `meta_value` FROM `v_option` WHERE ( meta_key='site_url' ) LIMIT 1   [ RunTime:0.0001s ]
SQL: SELECT `meta_value` FROM `v_option` WHERE ( meta_key='site_url' ) LIMIT 1   [ RunTime:0.0001s ]
SQL: SELECT `meta_value` FROM `v_option` WHERE ( meta_key='site_url' ) LIMIT 1   [ RunTime:0.0001s ]
SQL: SELECT `meta_value` FROM `v_option` WHERE ( meta_key='site_url' ) LIMIT 1   [ RunTime:0.0001s ]
INFO: [ view_filter ] --START--
INFO: Run Behavior\WriteHtmlCacheBehavior [ RunTime:0.000134s ]
INFO: [ view_filter ] --END-- [ RunTime:0.000201s ]
INFO: [ app_end ] --START--
INFO: Run Behavior\ShowPageTraceBehavior [ RunTime:0.000365s ]
INFO: [ app_end ] --END-- [ RunTime:0.000438s ]

[ 2015-06-16T10:45:08+08:00 ] 183.14.131.19 /index.php?s=/Admin/User/login.html
INFO: [ app_init ] --START--
INFO: Run Behavior\BuildLiteBehavior [ RunTime:0.000021s ]
INFO: [ app_init ] --END-- [ RunTime:0.000296s ]
INFO: [ app_begin ] --START--
INFO: Run Behavior\ReadHtmlCacheBehavior [ RunTime:0.000329s ]
SQL: SHOW COLUMNS FROM `v_option` [ RunTime:0.0008s ]
SQL: SELECT `meta_value` FROM `v_option` WHERE `meta_key` = 'EMAIL' AND `type` = 'other' LIMIT 1   [ RunTime:0.0001s ]
SQL: SELECT `meta_value` FROM `v_option` WHERE `lang` = 'zh' AND `meta_key` = 'MOBILE' AND `type` = 'other' LIMIT 1   [ RunTime:0.0001s ]
SQL: SELECT `meta_value` FROM `v_option` WHERE `meta_key` = 'PHONE' AND `type` = 'other' LIMIT 1   [ RunTime:0.0001s ]
SQL: SELECT `meta_value` FROM `v_option` WHERE `lang` = 'zh' AND `meta_key` = 'ABOUT' AND `type` = 'index' LIMIT 1   [ RunTime:0.0001s ]
INFO: Run Behavior\CheckLangBehavior [ RunTime:0.009577s ]
INFO: [ app_begin ] --END-- [ RunTime:0.010000s ]
SQL: SHOW COLUMNS FROM `v_user` [ RunTime:0.0004s ]
SQL: SELECT COUNT(*) AS tp_count FROM `v_user` WHERE `username` = 'admin' AND `password` = '25f9e794323b453885f5181f1b624d0b' LIMIT 1   [ RunTime:0.0001s ]
SQL: SELECT `meta_value` FROM `v_option` WHERE (  meta_key='site_name' ) AND `lang` = 'zh' LIMIT 1   [ RunTime:0.0001s ]
SQL: SELECT * FROM `v_option` WHERE `meta_key` = 'meta' AND `lang` = 'zh'  [ RunTime:0.0001s ]
SQL: SELECT `meta_value` FROM `v_option` WHERE ( meta_key='site_url' ) LIMIT 1   [ RunTime:0.0001s ]
SQL: SELECT `meta_value` FROM `v_option` WHERE ( meta_key='site_url' ) LIMIT 1   [ RunTime:0.0001s ]
SQL: SELECT `meta_value` FROM `v_option` WHERE ( meta_key='site_url' ) LIMIT 1   [ RunTime:0.0001s ]
SQL: SELECT `meta_value` FROM `v_option` WHERE ( meta_key='site_url' ) LIMIT 1   [ RunTime:0.0001s ]
SQL: SELECT `meta_value` FROM `v_option` WHERE ( meta_key='site_url' ) LIMIT 1   [ RunTime:0.0001s ]
SQL: SELECT `meta_value` FROM `v_option` WHERE ( meta_key='site_url' ) LIMIT 1   [ RunTime:0.0001s ]
SQL: SELECT `meta_value` FROM `v_option` WHERE ( meta_key='site_url' ) LIMIT 1   [ RunTime:0.0001s ]
SQL: SELECT `meta_value` FROM `v_option` WHERE ( meta_key='site_url' ) LIMIT 1   [ RunTime:0.0001s ]
SQL: SHOW COLUMNS FROM `v_product_category` [ RunTime:0.0005s ]
SQL: SELECT * FROM `v_product_category` WHERE `lang` = 'zh' ORDER BY `order` asc,`created` desc  [ RunTime:0.0001s ]
SQL: SHOW COLUMNS FROM `v_article_category` [ RunTime:0.0004s ]
SQL: SELECT * FROM `v_article_category` WHERE `lang` = 'zh'  [ RunTime:0.0001s ]
SQL: SELECT `meta_value` FROM `v_option` WHERE ( meta_key='site_url' ) LIMIT 1   [ RunTime:0.0001s ]
SQL: SELECT `meta_value` FROM `v_option` WHERE ( meta_key='site_url' ) LIMIT 1   [ RunTime:0.0001s ]
SQL: SELECT `meta_value` FROM `v_option` WHERE ( meta_key='site_url' ) LIMIT 1   [ RunTime:0.0001s ]
SQL: SHOW COLUMNS FROM `v_page` [ RunTime:0.0005s ]
SQL: SELECT `id` FROM `v_page` WHERE `lang` = 'zh' AND `callcode` = 'support' LIMIT 1   [ RunTime:0.0001s ]
SQL: SELECT * FROM `v_page` WHERE `lang` = 'zh' AND `sub_id` = '11'  [ RunTime:0.0002s ]
SQL: SELECT `id` FROM `v_page` WHERE `lang` = 'zh' AND `callcode` = 'channel' LIMIT 1   [ RunTime:0.0001s ]
SQL: SELECT * FROM `v_page` WHERE `lang` = 'zh' AND `sub_id` = '10'  [ RunTime:0.0001s ]
SQL: SELECT `id` FROM `v_page` WHERE `lang` = 'zh' AND `callcode` = 'about' LIMIT 1   [ RunTime:0.0001s ]
SQL: SELECT * FROM `v_page` WHERE `lang` = 'zh' AND `sub_id` = '13'  [ RunTime:0.0001s ]
SQL: SELECT `meta_value` FROM `v_option` WHERE ( meta_key='site_url' ) LIMIT 1   [ RunTime:0.0001s ]
SQL: SELECT `meta_value` FROM `v_option` WHERE ( meta_key='site_url' ) LIMIT 1   [ RunTime:0.0001s ]
SQL: SELECT `meta_value` FROM `v_option` WHERE ( meta_key='site_url' ) LIMIT 1   [ RunTime:0.0001s ]
INFO: [ view_filter ] --START--
INFO: Run Behavior\WriteHtmlCacheBehavior [ RunTime:0.000160s ]
INFO: [ view_filter ] --END-- [ RunTime:0.000215s ]
SQL: SELECT `meta_value` FROM `v_option` WHERE ( meta_key='site_url' ) LIMIT 1   [ RunTime:0.0001s ]
INFO: [ view_filter ] --START--
INFO: Run Behavior\WriteHtmlCacheBehavior [ RunTime:0.000012s ]
INFO: [ view_filter ] --END-- [ RunTime:-0.000468s ]
INFO: [ view_filter ] --START--
INFO: Run Behavior\WriteHtmlCacheBehavior [ RunTime:0.000010s ]
INFO: [ view_filter ] --END-- [ RunTime:-0.000577s ]
INFO: [ app_end ] --START--
INFO: Run Behavior\ShowPageTraceBehavior [ RunTime:0.000361s ]
INFO: [ app_end ] --END-- [ RunTime:0.000421s ]

[ 2015-06-16T10:45:10+08:00 ] 183.14.131.19 /index.php?s=/Admin/Index/Index.html
INFO: [ app_init ] --START--
INFO: Run Behavior\BuildLiteBehavior [ RunTime:0.000015s ]
INFO: [ app_init ] --END-- [ RunTime:0.000285s ]
INFO: [ app_begin ] --START--
INFO: Run Behavior\ReadHtmlCacheBehavior [ RunTime:0.000369s ]
SQL: SHOW COLUMNS FROM `v_option` [ RunTime:0.0007s ]
SQL: SELECT `meta_value` FROM `v_option` WHERE `meta_key` = 'EMAIL' AND `type` = 'other' LIMIT 1   [ RunTime:0.0001s ]
SQL: SELECT `meta_value` FROM `v_option` WHERE `lang` = 'zh' AND `meta_key` = 'MOBILE' AND `type` = 'other' LIMIT 1   [ RunTime:0.0001s ]
SQL: SELECT `meta_value` FROM `v_option` WHERE `meta_key` = 'PHONE' AND `type` = 'other' LIMIT 1   [ RunTime:0.0001s ]
SQL: SELECT `meta_value` FROM `v_option` WHERE `lang` = 'zh' AND `meta_key` = 'ABOUT' AND `type` = 'index' LIMIT 1   [ RunTime:0.0001s ]
INFO: Run Behavior\CheckLangBehavior [ RunTime:0.009259s ]
INFO: [ app_begin ] --END-- [ RunTime:0.009725s ]
SQL: SELECT `meta_value` FROM `v_option` WHERE `meta_key` = 'theme' AND `type` = 'public' LIMIT 1   [ RunTime:0.0001s ]
SQL: SELECT `meta_value` FROM `v_option` WHERE (  meta_key='site_name' ) AND `lang` = 'zh' LIMIT 1   [ RunTime:0.0001s ]
SQL: SELECT * FROM `v_option` WHERE `meta_key` = 'meta' AND `lang` = 'zh'  [ RunTime:0.0001s ]
SQL: SELECT `meta_value` FROM `v_option` WHERE ( meta_key='site_url' ) LIMIT 1   [ RunTime:0.0001s ]
SQL: SELECT `meta_value` FROM `v_option` WHERE ( meta_key='site_url' ) LIMIT 1   [ RunTime:0.0001s ]
SQL: SELECT `meta_value` FROM `v_option` WHERE ( meta_key='site_url' ) LIMIT 1   [ RunTime:0.0001s ]
SQL: SELECT `meta_value` FROM `v_option` WHERE ( meta_key='site_url' ) LIMIT 1   [ RunTime:0.0001s ]
SQL: SELECT `meta_value` FROM `v_option` WHERE ( meta_key='site_url' ) LIMIT 1   [ RunTime:0.0001s ]
SQL: SELECT `meta_value` FROM `v_option` WHERE ( meta_key='site_url' ) LIMIT 1   [ RunTime:0.0001s ]
SQL: SELECT `meta_value` FROM `v_option` WHERE ( meta_key='site_url' ) LIMIT 1   [ RunTime:0.0001s ]
SQL: SELECT `meta_value` FROM `v_option` WHERE ( meta_key='site_url' ) LIMIT 1   [ RunTime:0.0001s ]
SQL: SELECT `meta_value` FROM `v_option` WHERE ( meta_key='site_url' ) LIMIT 1   [ RunTime:0.0001s ]
SQL: SELECT `meta_value` FROM `v_option` WHERE ( meta_key='site_url' ) LIMIT 1   [ RunTime:0.0001s ]
SQL: SELECT `meta_value` FROM `v_option` WHERE ( meta_key='site_url' ) LIMIT 1   [ RunTime:0.0001s ]
SQL: SELECT `meta_value` FROM `v_option` WHERE ( meta_key='site_url' ) LIMIT 1   [ RunTime:0.0001s ]
SQL: SELECT `meta_value` FROM `v_option` WHERE ( meta_key='site_url' ) LIMIT 1   [ RunTime:0.0001s ]
SQL: SELECT `meta_value` FROM `v_option` WHERE ( meta_key='site_url' ) LIMIT 1   [ RunTime:0.0001s ]
SQL: SELECT `meta_value` FROM `v_option` WHERE ( meta_key='site_url' ) LIMIT 1   [ RunTime:0.0001s ]
SQL: SELECT `meta_value` FROM `v_option` WHERE ( meta_key='site_url' ) LIMIT 1   [ RunTime:0.0001s ]
SQL: SELECT `meta_value` FROM `v_option` WHERE ( meta_key='site_url' ) LIMIT 1   [ RunTime:0.0001s ]
SQL: SELECT `meta_value` FROM `v_option` WHERE ( meta_key='site_url' ) LIMIT 1   [ RunTime:0.0001s ]
INFO: [ view_filter ] --START--
INFO: Run Behavior\WriteHtmlCacheBehavior [ RunTime:0.000124s ]
INFO: [ view_filter ] --END-- [ RunTime:0.000177s ]
INFO: [ view_filter ] --START--
INFO: Run Behavior\WriteHtmlCacheBehavior [ RunTime:0.000012s ]
INFO: [ view_filter ] --END-- [ RunTime:-0.000172s ]
SQL: SELECT `meta_value` FROM `v_option` WHERE ( meta_key='site_url' ) LIMIT 1   [ RunTime:0.0001s ]
SQL: SELECT `meta_value` FROM `v_option` WHERE ( meta_key='site_url' ) LIMIT 1   [ RunTime:0.0001s ]
SQL: SELECT `meta_value` FROM `v_option` WHERE ( meta_key='site_url' ) LIMIT 1   [ RunTime:0.0001s ]
SQL: SELECT `meta_value` FROM `v_option` WHERE ( meta_key='site_url' ) LIMIT 1   [ RunTime:0.0001s ]
SQL: SELECT `meta_value` FROM `v_option` WHERE ( meta_key='site_url' ) LIMIT 1   [ RunTime:0.0001s ]
SQL: SELECT `meta_value` FROM `v_option` WHERE ( meta_key='site_url' ) LIMIT 1   [ RunTime:0.0001s ]
SQL: SELECT `meta_value` FROM `v_option` WHERE ( meta_key='site_url' ) LIMIT 1   [ RunTime:0.0001s ]
SQL: SELECT `meta_value` FROM `v_option` WHERE ( meta_key='site_url' ) LIMIT 1   [ RunTime:0.0001s ]
SQL: SELECT `meta_value` FROM `v_option` WHERE ( meta_key='site_url' ) LIMIT 1   [ RunTime:0.0001s ]
SQL: SELECT `meta_value` FROM `v_option` WHERE ( meta_key='site_url' ) LIMIT 1   [ RunTime:0.0001s ]
SQL: SELECT `meta_value` FROM `v_option` WHERE ( meta_key='site_url' ) LIMIT 1   [ RunTime:0.0001s ]
SQL: SELECT `meta_value` FROM `v_option` WHERE ( meta_key='site_url' ) LIMIT 1   [ RunTime:0.0001s ]
SQL: SELECT `meta_value` FROM `v_option` WHERE ( meta_key='site_url' ) LIMIT 1   [ RunTime:0.0001s ]
SQL: SELECT `meta_value` FROM `v_option` WHERE ( meta_key='site_url' ) LIMIT 1   [ RunTime:0.0001s ]
SQL: SELECT `meta_value` FROM `v_option` WHERE ( meta_key='site_url' ) LIMIT 1   [ RunTime:0.0001s ]
SQL: SELECT `meta_value` FROM `v_option` WHERE ( meta_key='site_url' ) LIMIT 1   [ RunTime:0.0001s ]
SQL: SELECT `meta_value` FROM `v_option` WHERE ( meta_key='site_url' ) LIMIT 1   [ RunTime:0.0001s ]
SQL: SELECT `meta_value` FROM `v_option` WHERE ( meta_key='site_url' ) LIMIT 1   [ RunTime:0.0001s ]
SQL: SELECT `meta_value` FROM `v_option` WHERE ( meta_key='site_url' ) LIMIT 1   [ RunTime:0.0001s ]
SQL: SELECT `meta_value` FROM `v_option` WHERE ( meta_key='site_url' ) LIMIT 1   [ RunTime:0.0001s ]
SQL: SELECT `meta_value` FROM `v_option` WHERE ( meta_key='site_url' ) LIMIT 1   [ RunTime:0.0001s ]
SQL: SELECT `meta_value` FROM `v_option` WHERE ( meta_key='site_url' ) LIMIT 1   [ RunTime:0.0001s ]
SQL: SELECT `meta_value` FROM `v_option` WHERE ( meta_key='site_url' ) LIMIT 1   [ RunTime:0.0001s ]
SQL: SELECT `meta_value` FROM `v_option` WHERE ( meta_key='site_url' ) LIMIT 1   [ RunTime:0.0001s ]
SQL: SELECT `meta_value` FROM `v_option` WHERE ( meta_key='site_url' ) LIMIT 1   [ RunTime:0.0001s ]
SQL: SELECT `meta_value` FROM `v_option` WHERE ( meta_key='site_url' ) LIMIT 1   [ RunTime:0.0001s ]
INFO: [ view_filter ] --START--
INFO: Run Behavior\WriteHtmlCacheBehavior [ RunTime:0.000012s ]
INFO: [ view_filter ] --END-- [ RunTime:-0.005821s ]
INFO: [ view_filter ] --START--
INFO: Run Behavior\WriteHtmlCacheBehavior [ RunTime:0.000011s ]
INFO: [ view_filter ] --END-- [ RunTime:-0.005925s ]
INFO: [ app_end ] --START--
INFO: Run Behavior\ShowPageTraceBehavior [ RunTime:0.000386s ]
INFO: [ app_end ] --END-- [ RunTime:0.000445s ]

[ 2015-06-16T10:45:22+08:00 ] 183.14.131.19 /index.php?s=/Admin/Page/index.html
INFO: [ app_init ] --START--
INFO: Run Behavior\BuildLiteBehavior [ RunTime:0.000014s ]
INFO: [ app_init ] --END-- [ RunTime:0.000264s ]
INFO: [ app_begin ] --START--
INFO: Run Behavior\ReadHtmlCacheBehavior [ RunTime:0.000325s ]
SQL: SHOW COLUMNS FROM `v_option` [ RunTime:0.0007s ]
SQL: SELECT `meta_value` FROM `v_option` WHERE `meta_key` = 'EMAIL' AND `type` = 'other' LIMIT 1   [ RunTime:0.0001s ]
SQL: SELECT `meta_value` FROM `v_option` WHERE `lang` = 'zh' AND `meta_key` = 'MOBILE' AND `type` = 'other' LIMIT 1   [ RunTime:0.0001s ]
SQL: SELECT `meta_value` FROM `v_option` WHERE `meta_key` = 'PHONE' AND `type` = 'other' LIMIT 1   [ RunTime:0.0001s ]
SQL: SELECT `meta_value` FROM `v_option` WHERE `lang` = 'zh' AND `meta_key` = 'ABOUT' AND `type` = 'index' LIMIT 1   [ RunTime:0.0001s ]
INFO: Run Behavior\CheckLangBehavior [ RunTime:0.008568s ]
INFO: [ app_begin ] --END-- [ RunTime:0.008980s ]
SQL: SHOW COLUMNS FROM `v_page` [ RunTime:0.0005s ]
SQL: SELECT COUNT(*) AS tp_count FROM `v_page` WHERE `lang` LIKE 'zh' LIMIT 1   [ RunTime:0.0001s ]
NOTIC: [8] Undefined index: p /home/xiongjiang/www/App/Admin/Controller/PageController.class.php 第 30 行.
SQL: SELECT * FROM `v_page` WHERE `lang` LIKE 'zh' ORDER BY `id` desc  [ RunTime:0.0002s ]
SQL: SELECT `meta_value` FROM `v_option` WHERE (  meta_key='site_name' ) AND `lang` = 'zh' LIMIT 1   [ RunTime:0.0001s ]
SQL: SELECT * FROM `v_option` WHERE `meta_key` = 'meta' AND `lang` = 'zh'  [ RunTime:0.0001s ]
SQL: SELECT `meta_value` FROM `v_option` WHERE ( meta_key='site_url' ) LIMIT 1   [ RunTime:0.0001s ]
SQL: SELECT `meta_value` FROM `v_option` WHERE ( meta_key='site_url' ) LIMIT 1   [ RunTime:0.0001s ]
SQL: SELECT `meta_value` FROM `v_option` WHERE ( meta_key='site_url' ) LIMIT 1   [ RunTime:0.0001s ]
SQL: SELECT `meta_value` FROM `v_option` WHERE ( meta_key='site_url' ) LIMIT 1   [ RunTime:0.0001s ]
SQL: SELECT `meta_value` FROM `v_option` WHERE ( meta_key='site_url' ) LIMIT 1   [ RunTime:0.0001s ]
SQL: SELECT `meta_value` FROM `v_option` WHERE ( meta_key='site_url' ) LIMIT 1   [ RunTime:0.0001s ]
SQL: SELECT `meta_value` FROM `v_option` WHERE ( meta_key='site_url' ) LIMIT 1   [ RunTime:0.0001s ]
SQL: SELECT `meta_value` FROM `v_option` WHERE ( meta_key='site_url' ) LIMIT 1   [ RunTime:0.0001s ]
SQL: SELECT `meta_value` FROM `v_option` WHERE ( meta_key='site_url' ) LIMIT 1   [ RunTime:0.0001s ]
SQL: SELECT `meta_value` FROM `v_option` WHERE ( meta_key='site_url' ) LIMIT 1   [ RunTime:0.0001s ]
SQL: SELECT `meta_value` FROM `v_option` WHERE ( meta_key='site_url' ) LIMIT 1   [ RunTime:0.0001s ]
SQL: SELECT `meta_value` FROM `v_option` WHERE ( meta_key='site_url' ) LIMIT 1   [ RunTime:0.0001s ]
SQL: SELECT `meta_value` FROM `v_option` WHERE ( meta_key='site_url' ) LIMIT 1   [ RunTime:0.0001s ]
SQL: SELECT `meta_value` FROM `v_option` WHERE ( meta_key='site_url' ) LIMIT 1   [ RunTime:0.0001s ]
SQL: SELECT `meta_value` FROM `v_option` WHERE ( meta_key='site_url' ) LIMIT 1   [ RunTime:0.0001s ]
SQL: SELECT `meta_value` FROM `v_option` WHERE ( meta_key='site_url' ) LIMIT 1   [ RunTime:0.0001s ]
SQL: SELECT `meta_value` FROM `v_option` WHERE ( meta_key='site_url' ) LIMIT 1   [ RunTime:0.0001s ]
SQL: SELECT `meta_value` FROM `v_option` WHERE ( meta_key='site_url' ) LIMIT 1   [ RunTime:0.0001s ]
INFO: [ view_filter ] --START--
INFO: Run Behavior\WriteHtmlCacheBehavior [ RunTime:0.000154s ]
INFO: [ view_filter ] --END-- [ RunTime:0.000212s ]
SQL: SELECT `meta_value` FROM `v_option` WHERE ( meta_key='site_url' ) LIMIT 1   [ RunTime:0.0001s ]
INFO: [ view_filter ] --START--
INFO: Run Behavior\WriteHtmlCacheBehavior [ RunTime:0.000012s ]
INFO: [ view_filter ] --END-- [ RunTime:-0.000476s ]
SQL: SELECT `meta_value` FROM `v_option` WHERE ( meta_key='site_url' ) LIMIT 1   [ RunTime:0.0001s ]
SQL: SELECT `meta_value` FROM `v_option` WHERE ( meta_key='site_url' ) LIMIT 1   [ RunTime:0.0001s ]
SQL: SELECT `meta_value` FROM `v_option` WHERE ( meta_key='site_url' ) LIMIT 1   [ RunTime:0.0001s ]
SQL: SELECT `meta_value` FROM `v_option` WHERE ( meta_key='site_url' ) LIMIT 1   [ RunTime:0.0001s ]
SQL: SELECT `meta_value` FROM `v_option` WHERE ( meta_key='site_url' ) LIMIT 1   [ RunTime:0.0001s ]
SQL: SELECT `meta_value` FROM `v_option` WHERE ( meta_key='site_url' ) LIMIT 1   [ RunTime:0.0001s ]
SQL: SELECT `meta_value` FROM `v_option` WHERE ( meta_key='site_url' ) LIMIT 1   [ RunTime:0.0001s ]
SQL: SELECT `meta_value` FROM `v_option` WHERE ( meta_key='site_url' ) LIMIT 1   [ RunTime:0.0001s ]
SQL: SELECT `meta_value` FROM `v_option` WHERE ( meta_key='site_url' ) LIMIT 1   [ RunTime:0.0001s ]
SQL: SELECT `meta_value` FROM `v_option` WHERE ( meta_key='site_url' ) LIMIT 1   [ RunTime:0.0001s ]
SQL: SELECT `meta_value` FROM `v_option` WHERE ( meta_key='site_url' ) LIMIT 1   [ RunTime:0.0001s ]
SQL: SELECT `meta_value` FROM `v_option` WHERE ( meta_key='site_url' ) LIMIT 1   [ RunTime:0.0001s ]
SQL: SELECT `meta_value` FROM `v_option` WHERE ( meta_key='site_url' ) LIMIT 1   [ RunTime:0.0001s ]
SQL: SELECT `meta_value` FROM `v_option` WHERE ( meta_key='site_url' ) LIMIT 1   [ RunTime:0.0001s ]
SQL: SELECT `meta_value` FROM `v_option` WHERE ( meta_key='site_url' ) LIMIT 1   [ RunTime:0.0001s ]
SQL: SELECT `meta_value` FROM `v_option` WHERE ( meta_key='site_url' ) LIMIT 1   [ RunTime:0.0001s ]
SQL: SELECT `meta_value` FROM `v_option` WHERE ( meta_key='site_url' ) LIMIT 1   [ RunTime:0.0001s ]
SQL: SELECT `meta_value` FROM `v_option` WHERE ( meta_key='site_url' ) LIMIT 1   [ RunTime:0.0001s ]
SQL: SELECT `meta_value` FROM `v_option` WHERE ( meta_key='site_url' ) LIMIT 1   [ RunTime:0.0001s ]
SQL: SELECT `meta_value` FROM `v_option` WHERE ( meta_key='site_url' ) LIMIT 1   [ RunTime:0.0001s ]
SQL: SELECT `meta_value` FROM `v_option` WHERE ( meta_key='site_url' ) LIMIT 1   [ RunTime:0.0001s ]
SQL: SELECT `meta_value` FROM `v_option` WHERE ( meta_key='site_url' ) LIMIT 1   [ RunTime:0.0001s ]
SQL: SELECT `meta_value` FROM `v_option` WHERE ( meta_key='site_url' ) LIMIT 1   [ RunTime:0.0001s ]
SQL: SELECT `meta_value` FROM `v_option` WHERE ( meta_key='site_url' ) LIMIT 1   [ RunTime:0.0001s ]
SQL: SELECT `meta_value` FROM `v_option` WHERE ( meta_key='site_url' ) LIMIT 1   [ RunTime:0.0001s ]
SQL: SELECT `meta_value` FROM `v_option` WHERE ( meta_key='site_url' ) LIMIT 1   [ RunTime:0.0001s ]
INFO: [ view_filter ] --START--
INFO: Run Behavior\WriteHtmlCacheBehavior [ RunTime:0.000012s ]
INFO: [ view_filter ] --END-- [ RunTime:-0.007843s ]
INFO: [ view_filter ] --START--
INFO: Run Behavior\WriteHtmlCacheBehavior [ RunTime:0.000011s ]
INFO: [ view_filter ] --END-- [ RunTime:-0.007952s ]
INFO: [ app_end ] --START--
INFO: Run Behavior\ShowPageTraceBehavior [ RunTime:0.000368s ]
INFO: [ app_end ] --END-- [ RunTime:0.000426s ]

[ 2015-06-16T10:45:38+08:00 ] 183.14.131.19 /index.php?s=/Admin/Page/edit/id/33.html
INFO: [ app_init ] --START--
INFO: Run Behavior\BuildLiteBehavior [ RunTime:0.000018s ]
INFO: [ app_init ] --END-- [ RunTime:0.000293s ]
INFO: [ app_begin ] --START--
INFO: Run Behavior\ReadHtmlCacheBehavior [ RunTime:0.000373s ]
SQL: SHOW COLUMNS FROM `v_option` [ RunTime:0.0008s ]
SQL: SELECT `meta_value` FROM `v_option` WHERE `meta_key` = 'EMAIL' AND `type` = 'other' LIMIT 1   [ RunTime:0.0001s ]
SQL: SELECT `meta_value` FROM `v_option` WHERE `lang` = 'zh' AND `meta_key` = 'MOBILE' AND `type` = 'other' LIMIT 1   [ RunTime:0.0001s ]
SQL: SELECT `meta_value` FROM `v_option` WHERE `meta_key` = 'PHONE' AND `type` = 'other' LIMIT 1   [ RunTime:0.0001s ]
SQL: SELECT `meta_value` FROM `v_option` WHERE `lang` = 'zh' AND `meta_key` = 'ABOUT' AND `type` = 'index' LIMIT 1   [ RunTime:0.0001s ]
INFO: Run Behavior\CheckLangBehavior [ RunTime:0.009339s ]
INFO: [ app_begin ] --END-- [ RunTime:0.009826s ]
SQL: SHOW COLUMNS FROM `v_page` [ RunTime:0.0005s ]
SQL: SELECT * FROM `v_page` WHERE `lang` = 'zh' AND `top` = 'top'  [ RunTime:0.0001s ]
SQL: SELECT * FROM `v_page` WHERE ( id='33' )  [ RunTime:0.0001s ]
SQL: SELECT `meta_value` FROM `v_option` WHERE (  meta_key='site_name' ) AND `lang` = 'zh' LIMIT 1   [ RunTime:0.0001s ]
SQL: SELECT * FROM `v_option` WHERE `meta_key` = 'meta' AND `lang` = 'zh'  [ RunTime:0.0001s ]
SQL: SELECT `meta_value` FROM `v_option` WHERE ( meta_key='site_url' ) LIMIT 1   [ RunTime:0.0001s ]
SQL: SELECT `meta_value` FROM `v_option` WHERE ( meta_key='site_url' ) LIMIT 1   [ RunTime:0.0001s ]
SQL: SELECT `meta_value` FROM `v_option` WHERE ( meta_key='site_url' ) LIMIT 1   [ RunTime:0.0001s ]
SQL: SELECT `meta_value` FROM `v_option` WHERE ( meta_key='site_url' ) LIMIT 1   [ RunTime:0.0001s ]
SQL: SELECT `meta_value` FROM `v_option` WHERE ( meta_key='site_url' ) LIMIT 1   [ RunTime:0.0001s ]
SQL: SELECT `meta_value` FROM `v_option` WHERE ( meta_key='site_url' ) LIMIT 1   [ RunTime:0.0001s ]
SQL: SELECT `meta_value` FROM `v_option` WHERE ( meta_key='site_url' ) LIMIT 1   [ RunTime:0.0001s ]
SQL: SELECT `meta_value` FROM `v_option` WHERE ( meta_key='site_url' ) LIMIT 1   [ RunTime:0.0001s ]
SQL: SELECT `meta_value` FROM `v_option` WHERE ( meta_key='site_url' ) LIMIT 1   [ RunTime:0.0001s ]
SQL: SELECT `meta_value` FROM `v_option` WHERE ( meta_key='site_url' ) LIMIT 1   [ RunTime:0.0001s ]
SQL: SELECT `meta_value` FROM `v_option` WHERE ( meta_key='site_url' ) LIMIT 1   [ RunTime:0.0001s ]
SQL: SELECT `meta_value` FROM `v_option` WHERE ( meta_key='site_url' ) LIMIT 1   [ RunTime:0.0001s ]
SQL: SELECT `meta_value` FROM `v_option` WHERE ( meta_key='site_url' ) LIMIT 1   [ RunTime:0.0001s ]
SQL: SELECT `meta_value` FROM `v_option` WHERE ( meta_key='site_url' ) LIMIT 1   [ RunTime:0.0001s ]
SQL: SELECT `meta_value` FROM `v_option` WHERE ( meta_key='site_url' ) LIMIT 1   [ RunTime:0.0001s ]
SQL: SELECT `meta_value` FROM `v_option` WHERE ( meta_key='site_url' ) LIMIT 1   [ RunTime:0.0001s ]
SQL: SELECT `meta_value` FROM `v_option` WHERE ( meta_key='site_url' ) LIMIT 1   [ RunTime:0.0001s ]
SQL: SELECT `meta_value` FROM `v_option` WHERE ( meta_key='site_url' ) LIMIT 1   [ RunTime:0.0001s ]
INFO: [ view_filter ] --START--
INFO: Run Behavior\WriteHtmlCacheBehavior [ RunTime:0.000161s ]
INFO: [ view_filter ] --END-- [ RunTime:0.000214s ]
INFO: [ view_filter ] --START--
INFO: Run Behavior\WriteHtmlCacheBehavior [ RunTime:0.000012s ]
INFO: [ view_filter ] --END-- [ RunTime:-0.000286s ]
SQL: SELECT `meta_value` FROM `v_option` WHERE ( meta_key='site_url' ) LIMIT 1   [ RunTime:0.0001s ]
SQL: SELECT `meta_value` FROM `v_option` WHERE ( meta_key='site_url' ) LIMIT 1   [ RunTime:0.0001s ]
SQL: SELECT `meta_value` FROM `v_option` WHERE ( meta_key='site_url' ) LIMIT 1   [ RunTime:0.0001s ]
SQL: SELECT `meta_value` FROM `v_option` WHERE ( meta_key='site_url' ) LIMIT 1   [ RunTime:0.0001s ]
SQL: SELECT `meta_value` FROM `v_option` WHERE ( meta_key='site_url' ) LIMIT 1   [ RunTime:0.0001s ]
SQL: SELECT `meta_value` FROM `v_option` WHERE ( meta_key='site_url' ) LIMIT 1   [ RunTime:0.0001s ]
SQL: SELECT `meta_value` FROM `v_option` WHERE ( meta_key='site_url' ) LIMIT 1   [ RunTime:0.0001s ]
SQL: SELECT `meta_value` FROM `v_option` WHERE ( meta_key='site_url' ) LIMIT 1   [ RunTime:0.0001s ]
SQL: SELECT `meta_value` FROM `v_option` WHERE ( meta_key='site_url' ) LIMIT 1   [ RunTime:0.0001s ]
SQL: SELECT `meta_value` FROM `v_option` WHERE ( meta_key='site_url' ) LIMIT 1   [ RunTime:0.0001s ]
SQL: SELECT `meta_value` FROM `v_option` WHERE ( meta_key='site_url' ) LIMIT 1   [ RunTime:0.0001s ]
SQL: SELECT `meta_value` FROM `v_option` WHERE ( meta_key='site_url' ) LIMIT 1   [ RunTime:0.0001s ]
SQL: SELECT `meta_value` FROM `v_option` WHERE ( meta_key='site_url' ) LIMIT 1   [ RunTime:0.0001s ]
SQL: SELECT `meta_value` FROM `v_option` WHERE ( meta_key='site_url' ) LIMIT 1   [ RunTime:0.0001s ]
SQL: SELECT `meta_value` FROM `v_option` WHERE ( meta_key='site_url' ) LIMIT 1   [ RunTime:0.0001s ]
SQL: SELECT `meta_value` FROM `v_option` WHERE ( meta_key='site_url' ) LIMIT 1   [ RunTime:0.0001s ]
SQL: SELECT `meta_value` FROM `v_option` WHERE ( meta_key='site_url' ) LIMIT 1   [ RunTime:0.0001s ]
SQL: SELECT `meta_value` FROM `v_option` WHERE ( meta_key='site_url' ) LIMIT 1   [ RunTime:0.0001s ]
SQL: SELECT `meta_value` FROM `v_option` WHERE ( meta_key='site_url' ) LIMIT 1   [ RunTime:0.0001s ]
SQL: SELECT `meta_value` FROM `v_option` WHERE ( meta_key='site_url' ) LIMIT 1   [ RunTime:0.0001s ]
SQL: SELECT `meta_value` FROM `v_option` WHERE ( meta_key='site_url' ) LIMIT 1   [ RunTime:0.0001s ]
SQL: SELECT `meta_value` FROM `v_option` WHERE ( meta_key='site_url' ) LIMIT 1   [ RunTime:0.0001s ]
SQL: SELECT `meta_value` FROM `v_option` WHERE ( meta_key='site_url' ) LIMIT 1   [ RunTime:0.0001s ]
SQL: SELECT `meta_value` FROM `v_option` WHERE ( meta_key='site_url' ) LIMIT 1   [ RunTime:0.0001s ]
SQL: SELECT `meta_value` FROM `v_option` WHERE ( meta_key='site_url' ) LIMIT 1   [ RunTime:0.0001s ]
SQL: SELECT `meta_value` FROM `v_option` WHERE ( meta_key='site_url' ) LIMIT 1   [ RunTime:0.0001s ]
INFO: [ view_filter ] --START--
INFO: Run Behavior\WriteHtmlCacheBehavior [ RunTime:0.000013s ]
INFO: [ view_filter ] --END-- [ RunTime:-0.007157s ]
INFO: [ view_filter ] --START--
INFO: Run Behavior\WriteHtmlCacheBehavior [ RunTime:0.000011s ]
INFO: [ view_filter ] --END-- [ RunTime:-0.007275s ]
INFO: [ app_end ] --START--
INFO: Run Behavior\ShowPageTraceBehavior [ RunTime:0.000429s ]
INFO: [ app_end ] --END-- [ RunTime:0.000488s ]

[ 2015-06-16T10:47:15+08:00 ] 183.14.131.19 /index.php?s=/Admin/Page/save.html
INFO: [ app_init ] --START--
INFO: Run Behavior\BuildLiteBehavior [ RunTime:0.000015s ]
INFO: [ app_init ] --END-- [ RunTime:0.000270s ]
INFO: [ app_begin ] --START--
INFO: Run Behavior\ReadHtmlCacheBehavior [ RunTime:0.000328s ]
SQL: SHOW COLUMNS FROM `v_option` [ RunTime:0.0007s ]
SQL: SELECT `meta_value` FROM `v_option` WHERE `meta_key` = 'EMAIL' AND `type` = 'other' LIMIT 1   [ RunTime:0.0001s ]
SQL: SELECT `meta_value` FROM `v_option` WHERE `lang` = 'zh' AND `meta_key` = 'MOBILE' AND `type` = 'other' LIMIT 1   [ RunTime:0.0001s ]
SQL: SELECT `meta_value` FROM `v_option` WHERE `meta_key` = 'PHONE' AND `type` = 'other' LIMIT 1   [ RunTime:0.0001s ]
SQL: SELECT `meta_value` FROM `v_option` WHERE `lang` = 'zh' AND `meta_key` = 'ABOUT' AND `type` = 'index' LIMIT 1   [ RunTime:0.0001s ]
INFO: Run Behavior\CheckLangBehavior [ RunTime:0.012065s ]
INFO: [ app_begin ] --END-- [ RunTime:0.012485s ]
SQL: SHOW COLUMNS FROM `v_page` [ RunTime:0.0005s ]
SQL: UPDATE `v_page` SET `sub_id`='12',`title`='联系我们',`summary`='',`body`='&lt;p&gt;&lt;strong&gt;&lt;span style=&quot;font-size: 24px; color: rgb(36, 64, 97);&quot;&gt;深圳市雄将科技有限公司 &amp;nbsp;&lt;span style=&quot;font-size: 20px; color: rgb(36, 64, 97);&quot;&gt;全国免费咨询热线：4006-033-468&lt;/span&gt;&lt;/span&gt;&lt;/strong&gt;&lt;br/&gt;&lt;/p&gt;&lt;p&gt;&lt;span style=&quot;font-size: 18px;&quot;&gt;&lt;strong&gt;全国招商代理服务专线：13537696161柯生&lt;/strong&gt;&lt;/span&gt;&lt;/p&gt;&lt;p&gt;&lt;span style=&quot;font-size: 18px;&quot;&gt;&lt;strong&gt;总部地址:&lt;/strong&gt;深圳市龙岗区华南城5号交易中心1C010/2F070 &amp;nbsp; &amp;nbsp; &amp;nbsp;&amp;nbsp;&lt;/span&gt;&lt;/p&gt;&lt;p&gt;&lt;span style=&quot;font-size: 18px;&quot;&gt;&lt;strong&gt;电话:&lt;/strong&gt;0755-83539032 &amp;nbsp; 33103334(分机16线) &amp;nbsp; &amp;nbsp;&lt;/span&gt;&lt;/p&gt;&lt;p&gt;&lt;span style=&quot;font-size: 18px;&quot;&gt;&lt;strong&gt;传真:&lt;/strong&gt;0755-83690212 &amp;nbsp;&lt;/span&gt;&lt;/p&gt;&lt;p&gt;&lt;span style=&quot;font-size: 18px;&quot;&gt;&amp;nbsp; &amp;nbsp; &amp;nbsp; &amp;nbsp; &amp;nbsp; &amp;nbsp; &amp;nbsp; &amp;nbsp; &amp;nbsp;&lt;/span&gt;&lt;/p&gt;&lt;p&gt;&lt;span style=&quot;font-size: 18px;&quot;&gt;&lt;strong&gt;制造基地:&lt;/strong&gt;&amp;nbsp;东莞市风岗镇雁田怡安工业城63栋A&lt;/span&gt;&lt;/p&gt;&lt;p&gt;&lt;strong style=&quot;font-size: 18px;&quot;&gt;电话：&lt;/strong&gt;&lt;span style=&quot;font-size: 18px;&quot;&gt;0769-33212778&lt;/span&gt;&lt;/p&gt;&lt;p&gt;&lt;span style=&quot;font-size: 18px;&quot;&gt;&lt;strong&gt;传真：&lt;/strong&gt;0769-82082357&lt;/span&gt;&lt;/p&gt;&lt;p&gt;&lt;iframe class=&quot;ueditor_baidumap&quot; src=&quot;http://www.icarkey999.com/Theme/default/Admin/media/ueditor/dialogs/map/show.html#center=60.266005,-69.168697&amp;zoom=13&amp;width=530&amp;height=340&amp;markers=114.089902,22.544924&amp;markerStyles=l,A&quot; frameborder=&quot;0&quot; width=&quot;534&quot; height=&quot;344&quot;&gt;&lt;/iframe&gt;&lt;/p&gt;&lt;p&gt;&lt;br/&gt;&lt;/p&gt;',`callcode`='contact',`created`='1434422835',`lang`='zh' WHERE `id` = 33 [ RunTime:0.0194s ]
SQL: SELECT `meta_value` FROM `v_option` WHERE (  meta_key='site_name' ) AND `lang` = 'zh' LIMIT 1   [ RunTime:0.0001s ]
SQL: SELECT * FROM `v_option` WHERE `meta_key` = 'meta' AND `lang` = 'zh'  [ RunTime:0.0001s ]
SQL: SELECT `meta_value` FROM `v_option` WHERE ( meta_key='site_url' ) LIMIT 1   [ RunTime:0.0001s ]
SQL: SELECT `meta_value` FROM `v_option` WHERE ( meta_key='site_url' ) LIMIT 1   [ RunTime:0.0001s ]
SQL: SELECT `meta_value` FROM `v_option` WHERE ( meta_key='site_url' ) LIMIT 1   [ RunTime:0.0001s ]
SQL: SELECT `meta_value` FROM `v_option` WHERE ( meta_key='site_url' ) LIMIT 1   [ RunTime:0.0001s ]
SQL: SELECT `meta_value` FROM `v_option` WHERE ( meta_key='site_url' ) LIMIT 1   [ RunTime:0.0001s ]
SQL: SELECT `meta_value` FROM `v_option` WHERE ( meta_key='site_url' ) LIMIT 1   [ RunTime:0.0001s ]
SQL: SELECT `meta_value` FROM `v_option` WHERE ( meta_key='site_url' ) LIMIT 1   [ RunTime:0.0001s ]
SQL: SELECT `meta_value` FROM `v_option` WHERE ( meta_key='site_url' ) LIMIT 1   [ RunTime:0.0001s ]
SQL: SHOW COLUMNS FROM `v_product_category` [ RunTime:0.0005s ]
SQL: SELECT * FROM `v_product_category` WHERE `lang` = 'zh' ORDER BY `order` asc,`created` desc  [ RunTime:0.0001s ]
SQL: SHOW COLUMNS FROM `v_article_category` [ RunTime:0.0004s ]
SQL: SELECT * FROM `v_article_category` WHERE `lang` = 'zh'  [ RunTime:0.0001s ]
SQL: SELECT `meta_value` FROM `v_option` WHERE ( meta_key='site_url' ) LIMIT 1   [ RunTime:0.0001s ]
SQL: SELECT `meta_value` FROM `v_option` WHERE ( meta_key='site_url' ) LIMIT 1   [ RunTime:0.0001s ]
SQL: SELECT `meta_value` FROM `v_option` WHERE ( meta_key='site_url' ) LIMIT 1   [ RunTime:0.0001s ]
SQL: SELECT `id` FROM `v_page` WHERE `lang` = 'zh' AND `callcode` = 'support' LIMIT 1   [ RunTime:0.0003s ]
SQL: SELECT * FROM `v_page` WHERE `lang` = 'zh' AND `sub_id` = '11'  [ RunTime:0.0004s ]
SQL: SELECT `id` FROM `v_page` WHERE `lang` = 'zh' AND `callcode` = 'channel' LIMIT 1   [ RunTime:0.0002s ]
SQL: SELECT * FROM `v_page` WHERE `lang` = 'zh' AND `sub_id` = '10'  [ RunTime:0.0002s ]
SQL: SELECT `id` FROM `v_page` WHERE `lang` = 'zh' AND `callcode` = 'about' LIMIT 1   [ RunTime:0.0002s ]
SQL: SELECT * FROM `v_page` WHERE `lang` = 'zh' AND `sub_id` = '13'  [ RunTime:0.0002s ]
SQL: SELECT `meta_value` FROM `v_option` WHERE ( meta_key='site_url' ) LIMIT 1   [ RunTime:0.0001s ]
SQL: SELECT `meta_value` FROM `v_option` WHERE ( meta_key='site_url' ) LIMIT 1   [ RunTime:0.0001s ]
SQL: SELECT `meta_value` FROM `v_option` WHERE ( meta_key='site_url' ) LIMIT 1   [ RunTime:0.0001s ]
INFO: [ view_filter ] --START--
INFO: Run Behavior\WriteHtmlCacheBehavior [ RunTime:0.000139s ]
INFO: [ view_filter ] --END-- [ RunTime:0.000195s ]
SQL: SELECT `meta_value` FROM `v_option` WHERE ( meta_key='site_url' ) LIMIT 1   [ RunTime:0.0001s ]
INFO: [ view_filter ] --START--
INFO: Run Behavior\WriteHtmlCacheBehavior [ RunTime:0.000012s ]
INFO: [ view_filter ] --END-- [ RunTime:-0.000476s ]
INFO: [ view_filter ] --START--
INFO: Run Behavior\WriteHtmlCacheBehavior [ RunTime:0.000010s ]
INFO: [ view_filter ] --END-- [ RunTime:-0.000578s ]
INFO: [ app_end ] --START--
INFO: Run Behavior\ShowPageTraceBehavior [ RunTime:0.000355s ]
INFO: [ app_end ] --END-- [ RunTime:0.000413s ]

[ 2015-06-16T10:47:17+08:00 ] 183.14.131.19 /index.php?s=/Admin/Page/edit/id/33.html
INFO: [ app_init ] --START--
INFO: Run Behavior\BuildLiteBehavior [ RunTime:0.000015s ]
INFO: [ app_init ] --END-- [ RunTime:0.000272s ]
INFO: [ app_begin ] --START--
INFO: Run Behavior\ReadHtmlCacheBehavior [ RunTime:0.000332s ]
SQL: SHOW COLUMNS FROM `v_option` [ RunTime:0.0007s ]
SQL: SELECT `meta_value` FROM `v_option` WHERE `meta_key` = 'EMAIL' AND `type` = 'other' LIMIT 1   [ RunTime:0.0001s ]
SQL: SELECT `meta_value` FROM `v_option` WHERE `lang` = 'zh' AND `meta_key` = 'MOBILE' AND `type` = 'other' LIMIT 1   [ RunTime:0.0001s ]
SQL: SELECT `meta_value` FROM `v_option` WHERE `meta_key` = 'PHONE' AND `type` = 'other' LIMIT 1   [ RunTime:0.0001s ]
SQL: SELECT `meta_value` FROM `v_option` WHERE `lang` = 'zh' AND `meta_key` = 'ABOUT' AND `type` = 'index' LIMIT 1   [ RunTime:0.0001s ]
INFO: Run Behavior\CheckLangBehavior [ RunTime:0.008593s ]
INFO: [ app_begin ] --END-- [ RunTime:0.009013s ]
SQL: SHOW COLUMNS FROM `v_page` [ RunTime:0.0005s ]
SQL: SELECT * FROM `v_page` WHERE `lang` = 'zh' AND `top` = 'top'  [ RunTime:0.0003s ]
SQL: SELECT * FROM `v_page` WHERE ( id='33' )  [ RunTime:0.0002s ]
SQL: SELECT `meta_value` FROM `v_option` WHERE (  meta_key='site_name' ) AND `lang` = 'zh' LIMIT 1   [ RunTime:0.0001s ]
SQL: SELECT * FROM `v_option` WHERE `meta_key` = 'meta' AND `lang` = 'zh'  [ RunTime:0.0001s ]
SQL: SELECT `meta_value` FROM `v_option` WHERE ( meta_key='site_url' ) LIMIT 1   [ RunTime:0.0001s ]
SQL: SELECT `meta_value` FROM `v_option` WHERE ( meta_key='site_url' ) LIMIT 1   [ RunTime:0.0001s ]
SQL: SELECT `meta_value` FROM `v_option` WHERE ( meta_key='site_url' ) LIMIT 1   [ RunTime:0.0001s ]
SQL: SELECT `meta_value` FROM `v_option` WHERE ( meta_key='site_url' ) LIMIT 1   [ RunTime:0.0001s ]
SQL: SELECT `meta_value` FROM `v_option` WHERE ( meta_key='site_url' ) LIMIT 1   [ RunTime:0.0001s ]
SQL: SELECT `meta_value` FROM `v_option` WHERE ( meta_key='site_url' ) LIMIT 1   [ RunTime:0.0001s ]
SQL: SELECT `meta_value` FROM `v_option` WHERE ( meta_key='site_url' ) LIMIT 1   [ RunTime:0.0001s ]
SQL: SELECT `meta_value` FROM `v_option` WHERE ( meta_key='site_url' ) LIMIT 1   [ RunTime:0.0001s ]
SQL: SELECT `meta_value` FROM `v_option` WHERE ( meta_key='site_url' ) LIMIT 1   [ RunTime:0.0001s ]
SQL: SELECT `meta_value` FROM `v_option` WHERE ( meta_key='site_url' ) LIMIT 1   [ RunTime:0.0001s ]
SQL: SELECT `meta_value` FROM `v_option` WHERE ( meta_key='site_url' ) LIMIT 1   [ RunTime:0.0001s ]
SQL: SELECT `meta_value` FROM `v_option` WHERE ( meta_key='site_url' ) LIMIT 1   [ RunTime:0.0001s ]
SQL: SELECT `meta_value` FROM `v_option` WHERE ( meta_key='site_url' ) LIMIT 1   [ RunTime:0.0001s ]
SQL: SELECT `meta_value` FROM `v_option` WHERE ( meta_key='site_url' ) LIMIT 1   [ RunTime:0.0001s ]
SQL: SELECT `meta_value` FROM `v_option` WHERE ( meta_key='site_url' ) LIMIT 1   [ RunTime:0.0001s ]
SQL: SELECT `meta_value` FROM `v_option` WHERE ( meta_key='site_url' ) LIMIT 1   [ RunTime:0.0001s ]
SQL: SELECT `meta_value` FROM `v_option` WHERE ( meta_key='site_url' ) LIMIT 1   [ RunTime:0.0001s ]
SQL: SELECT `meta_value` FROM `v_option` WHERE ( meta_key='site_url' ) LIMIT 1   [ RunTime:0.0001s ]
INFO: [ view_filter ] --START--
INFO: Run Behavior\WriteHtmlCacheBehavior [ RunTime:0.000127s ]
INFO: [ view_filter ] --END-- [ RunTime:0.000181s ]
INFO: [ view_filter ] --START--
INFO: Run Behavior\WriteHtmlCacheBehavior [ RunTime:0.000012s ]
INFO: [ view_filter ] --END-- [ RunTime:-0.000256s ]
SQL: SELECT `meta_value` FROM `v_option` WHERE ( meta_key='site_url' ) LIMIT 1   [ RunTime:0.0001s ]
SQL: SELECT `meta_value` FROM `v_option` WHERE ( meta_key='site_url' ) LIMIT 1   [ RunTime:0.0001s ]
SQL: SELECT `meta_value` FROM `v_option` WHERE ( meta_key='site_url' ) LIMIT 1   [ RunTime:0.0001s ]
SQL: SELECT `meta_value` FROM `v_option` WHERE ( meta_key='site_url' ) LIMIT 1   [ RunTime:0.0001s ]
SQL: SELECT `meta_value` FROM `v_option` WHERE ( meta_key='site_url' ) LIMIT 1   [ RunTime:0.0001s ]
SQL: SELECT `meta_value` FROM `v_option` WHERE ( meta_key='site_url' ) LIMIT 1   [ RunTime:0.0001s ]
SQL: SELECT `meta_value` FROM `v_option` WHERE ( meta_key='site_url' ) LIMIT 1   [ RunTime:0.0001s ]
SQL: SELECT `meta_value` FROM `v_option` WHERE ( meta_key='site_url' ) LIMIT 1   [ RunTime:0.0001s ]
SQL: SELECT `meta_value` FROM `v_option` WHERE ( meta_key='site_url' ) LIMIT 1   [ RunTime:0.0001s ]
SQL: SELECT `meta_value` FROM `v_option` WHERE ( meta_key='site_url' ) LIMIT 1   [ RunTime:0.0001s ]
SQL: SELECT `meta_value` FROM `v_option` WHERE ( meta_key='site_url' ) LIMIT 1   [ RunTime:0.0001s ]
SQL: SELECT `meta_value` FROM `v_option` WHERE ( meta_key='site_url' ) LIMIT 1   [ RunTime:0.0001s ]
SQL: SELECT `meta_value` FROM `v_option` WHERE ( meta_key='site_url' ) LIMIT 1   [ RunTime:0.0001s ]
SQL: SELECT `meta_value` FROM `v_option` WHERE ( meta_key='site_url' ) LIMIT 1   [ RunTime:0.0001s ]
SQL: SELECT `meta_value` FROM `v_option` WHERE ( meta_key='site_url' ) LIMIT 1   [ RunTime:0.0001s ]
SQL: SELECT `meta_value` FROM `v_option` WHERE ( meta_key='site_url' ) LIMIT 1   [ RunTime:0.0001s ]
SQL: SELECT `meta_value` FROM `v_option` WHERE ( meta_key='site_url' ) LIMIT 1   [ RunTime:0.0001s ]
SQL: SELECT `meta_value` FROM `v_option` WHERE ( meta_key='site_url' ) LIMIT 1   [ RunTime:0.0001s ]
SQL: SELECT `meta_value` FROM `v_option` WHERE ( meta_key='site_url' ) LIMIT 1   [ RunTime:0.0001s ]
SQL: SELECT `meta_value` FROM `v_option` WHERE ( meta_key='site_url' ) LIMIT 1   [ RunTime:0.0001s ]
SQL: SELECT `meta_value` FROM `v_option` WHERE ( meta_key='site_url' ) LIMIT 1   [ RunTime:0.0001s ]
SQL: SELECT `meta_value` FROM `v_option` WHERE ( meta_key='site_url' ) LIMIT 1   [ RunTime:0.0001s ]
SQL: SELECT `meta_value` FROM `v_option` WHERE ( meta_key='site_url' ) LIMIT 1   [ RunTime:0.0001s ]
SQL: SELECT `meta_value` FROM `v_option` WHERE ( meta_key='site_url' ) LIMIT 1   [ RunTime:0.0001s ]
SQL: SELECT `meta_value` FROM `v_option` WHERE ( meta_key='site_url' ) LIMIT 1   [ RunTime:0.0001s ]
SQL: SELECT `meta_value` FROM `v_option` WHERE ( meta_key='site_url' ) LIMIT 1   [ RunTime:0.0001s ]
INFO: [ view_filter ] --START--
INFO: Run Behavior\WriteHtmlCacheBehavior [ RunTime:0.000012s ]
INFO: [ view_filter ] --END-- [ RunTime:-0.006338s ]
INFO: [ view_filter ] --START--
INFO: Run Behavior\WriteHtmlCacheBehavior [ RunTime:0.000010s ]
INFO: [ view_filter ] --END-- [ RunTime:-0.006445s ]
INFO: [ app_end ] --START--
INFO: Run Behavior\ShowPageTraceBehavior [ RunTime:0.000386s ]
INFO: [ app_end ] --END-- [ RunTime:0.000462s ]

