[ 2015-06-05T03:54:19+08:00 ] 123.125.71.87 /index.php?s=/Article/Index/Index.html
INFO: [ app_init ] --START--
INFO: Run Behavior\BuildLiteBehavior [ RunTime:0.000014s ]
INFO: [ app_init ] --END-- [ RunTime:0.000330s ]
INFO: [ app_begin ] --START--
INFO: Run Behavior\ReadHtmlCacheBehavior [ RunTime:0.000341s ]
SQL: SHOW COLUMNS FROM `v_option` [ RunTime:0.0007s ]
SQL: SELECT `meta_value` FROM `v_option` WHERE `meta_key` = 'EMAIL' AND `type` = 'other' LIMIT 1   [ RunTime:0.0001s ]
SQL: SELECT `meta_value` FROM `v_option` WHERE `lang` = 'zh' AND `meta_key` = 'MOBILE' AND `type` = 'other' LIMIT 1   [ RunTime:0.0001s ]
SQL: SELECT `meta_value` FROM `v_option` WHERE `meta_key` = 'PHONE' AND `type` = 'other' LIMIT 1   [ RunTime:0.0001s ]
SQL: SELECT `meta_value` FROM `v_option` WHERE `lang` = 'zh' AND `meta_key` = 'ABOUT' AND `type` = 'index' LIMIT 1   [ RunTime:0.0001s ]
INFO: Run Behavior\CheckLangBehavior [ RunTime:0.009181s ]
INFO: [ app_begin ] --END-- [ RunTime:0.009616s ]
SQL: SHOW COLUMNS FROM `v_article` [ RunTime:0.0006s ]
SQL: SELECT COUNT(*) AS tp_count FROM `v_article` WHERE `lang` LIKE 'zh' LIMIT 1   [ RunTime:0.0001s ]
NOTIC: [8] Undefined index: p /home/xiongjiang/www/App/Article/Controller/IndexController.class.php 第 32 行.
SQL: SELECT * FROM `v_article` WHERE `lang` LIKE 'zh' ORDER BY `id` desc LIMIT 0,10   [ RunTime:0.0001s ]
SQL: SHOW COLUMNS FROM `v_article_category` [ RunTime:0.0004s ]
SQL: SELECT * FROM `v_article_category` WHERE `lang` = 'zh'  [ RunTime:0.0001s ]
NOTIC: [8] Undefined index: sub_id /home/xiongjiang/www/App/Common/Common/function.php 第 185 行.
NOTIC: [8] Undefined index: sub_id /home/xiongjiang/www/App/Common/Common/function.php 第 185 行.
NOTIC: [8] Undefined index: sub_id /home/xiongjiang/www/App/Common/Common/function.php 第 185 行.
NOTIC: [8] Undefined index: sub_id /home/xiongjiang/www/App/Common/Common/function.php 第 185 行.
NOTIC: [8] Undefined index: sub_id /home/xiongjiang/www/App/Common/Common/function.php 第 185 行.
NOTIC: [8] Undefined index: sub_id /home/xiongjiang/www/App/Common/Common/function.php 第 185 行.
SQL: SELECT `meta_value` FROM `v_option` WHERE (  meta_key='site_name' ) AND `lang` = 'zh' LIMIT 1   [ RunTime:0.0001s ]
SQL: SELECT * FROM `v_option` WHERE `meta_key` = 'meta' AND `lang` = 'zh'  [ RunTime:0.0001s ]
SQL: SELECT `meta_value` FROM `v_option` WHERE ( meta_key='site_url' ) LIMIT 1   [ RunTime:0.0001s ]
SQL: SELECT `meta_value` FROM `v_option` WHERE ( meta_key='site_url' ) LIMIT 1   [ RunTime:0.0001s ]
SQL: SELECT `meta_value` FROM `v_option` WHERE ( meta_key='site_url' ) LIMIT 1   [ RunTime:0.0001s ]
SQL: SELECT `meta_value` FROM `v_option` WHERE ( meta_key='site_url' ) LIMIT 1   [ RunTime:0.0001s ]
SQL: SELECT `meta_value` FROM `v_option` WHERE ( meta_key='site_url' ) LIMIT 1   [ RunTime:0.0001s ]
SQL: SELECT `meta_value` FROM `v_option` WHERE ( meta_key='site_url' ) LIMIT 1   [ RunTime:0.0001s ]
SQL: SELECT `meta_value` FROM `v_option` WHERE ( meta_key='site_url' ) LIMIT 1   [ RunTime:0.0001s ]
SQL: SELECT `meta_value` FROM `v_option` WHERE ( meta_key='site_url' ) LIMIT 1   [ RunTime:0.0001s ]
SQL: SHOW COLUMNS FROM `v_product_category` [ RunTime:0.0004s ]
SQL: SELECT * FROM `v_product_category` WHERE `lang` = 'zh'  [ RunTime:0.0001s ]
SQL: SELECT * FROM `v_article_category` WHERE `lang` = 'zh'  [ RunTime:0.0001s ]
SQL: SELECT `meta_value` FROM `v_option` WHERE ( meta_key='site_url' ) LIMIT 1   [ RunTime:0.0001s ]
SQL: SELECT `meta_value` FROM `v_option` WHERE ( meta_key='site_url' ) LIMIT 1   [ RunTime:0.0001s ]
SQL: SELECT `meta_value` FROM `v_option` WHERE ( meta_key='site_url' ) LIMIT 1   [ RunTime:0.0001s ]
SQL: SHOW COLUMNS FROM `v_page` [ RunTime:0.0005s ]
SQL: SELECT `id` FROM `v_page` WHERE `lang` = 'zh' AND `callcode` = 'support' LIMIT 1   [ RunTime:0.0001s ]
SQL: SELECT * FROM `v_page` WHERE `lang` = 'zh' AND `sub_id` = '11'  [ RunTime:0.0002s ]
SQL: SELECT `id` FROM `v_page` WHERE `lang` = 'zh' AND `callcode` = 'channel' LIMIT 1   [ RunTime:0.0001s ]
SQL: SELECT * FROM `v_page` WHERE `lang` = 'zh' AND `sub_id` = '10'  [ RunTime:0.0001s ]
SQL: SELECT `id` FROM `v_page` WHERE `lang` = 'zh' AND `callcode` = 'about' LIMIT 1   [ RunTime:0.0001s ]
SQL: SELECT * FROM `v_page` WHERE `lang` = 'zh' AND `sub_id` = '13'  [ RunTime:0.0001s ]
SQL: SELECT `meta_value` FROM `v_option` WHERE ( meta_key='site_url' ) LIMIT 1   [ RunTime:0.0001s ]
SQL: SELECT `meta_value` FROM `v_option` WHERE ( meta_key='site_url' ) LIMIT 1   [ RunTime:0.0001s ]
SQL: SELECT `meta_value` FROM `v_option` WHERE ( meta_key='site_url' ) LIMIT 1   [ RunTime:0.0001s ]
INFO: [ view_filter ] --START--
INFO: Run Behavior\WriteHtmlCacheBehavior [ RunTime:0.000138s ]
INFO: [ view_filter ] --END-- [ RunTime:0.000192s ]
NOTIC: [8] Undefined variable: currcategory /home/xiongjiang/www/Theme/default/Article/index.php 第 4 行.
NOTIC: [8] Undefined variable: currcategory /home/xiongjiang/www/Theme/default/Article/index.php 第 4 行.
INFO: [ view_filter ] --START--
INFO: Run Behavior\WriteHtmlCacheBehavior [ RunTime:0.000011s ]
INFO: [ view_filter ] --END-- [ RunTime:-0.000410s ]
SQL: SELECT `meta_value` FROM `v_option` WHERE ( meta_key='site_url' ) LIMIT 1   [ RunTime:0.0001s ]
SQL: SELECT `meta_value` FROM `v_option` WHERE ( meta_key='site_url' ) LIMIT 1   [ RunTime:0.0001s ]
SQL: SELECT `meta_value` FROM `v_option` WHERE ( meta_key='site_url' ) LIMIT 1   [ RunTime:0.0001s ]
SQL: SELECT `meta_value` FROM `v_option` WHERE ( meta_key='site_url' ) LIMIT 1   [ RunTime:0.0001s ]
NOTIC: [8] Undefined index: childs /home/xiongjiang/www/Theme/default/Public/ArticleSiderbar.php 第 116 行.
NOTIC: [2] Invalid argument supplied for foreach() /home/xiongjiang/www/Theme/default/Public/ArticleSiderbar.php 第 116 行.
NOTIC: [8] Undefined index: childs /home/xiongjiang/www/Theme/default/Public/ArticleSiderbar.php 第 116 行.
NOTIC: [2] Invalid argument supplied for foreach() /home/xiongjiang/www/Theme/default/Public/ArticleSiderbar.php 第 116 行.
NOTIC: [8] Undefined variable: currcategory /home/xiongjiang/www/Theme/default/Public/ArticleSiderbar.php 第 132 行.
NOTIC: [8] Undefined variable: currcategory /home/xiongjiang/www/Theme/default/Public/ArticleSiderbar.php 第 132 行.
SQL: SELECT `meta_value` FROM `v_option` WHERE ( meta_key='site_url' ) LIMIT 1   [ RunTime:0.0001s ]
NOTIC: [8] Undefined variable: currcategory /home/xiongjiang/www/Theme/default/Public/ArticleSiderbar.php 第 198 行.
NOTIC: [8] Undefined variable: currcategory /home/xiongjiang/www/Theme/default/Public/ArticleSiderbar.php 第 198 行.
SQL: SELECT `meta_value` FROM `v_option` WHERE ( meta_key='site_url' ) LIMIT 1   [ RunTime:0.0001s ]
INFO: [ view_filter ] --START--
INFO: Run Behavior\WriteHtmlCacheBehavior [ RunTime:0.000012s ]
INFO: [ view_filter ] --END-- [ RunTime:-0.002681s ]
NOTIC: [8] Undefined variable: currcategory /home/xiongjiang/www/Theme/default/Article/index.php 第 49 行.
NOTIC: [8] Undefined variable: currcategory /home/xiongjiang/www/Theme/default/Article/index.php 第 61 行.
NOTIC: [8] Undefined variable: currcategory /home/xiongjiang/www/Theme/default/Article/index.php 第 68 行.
SQL: SELECT `meta_value` FROM `v_option` WHERE ( meta_key='site_url' ) LIMIT 1   [ RunTime:0.0001s ]
INFO: [ view_filter ] --START--
INFO: Run Behavior\WriteHtmlCacheBehavior [ RunTime:0.000011s ]
INFO: [ view_filter ] --END-- [ RunTime:-0.003488s ]
INFO: [ view_filter ] --START--
INFO: Run Behavior\WriteHtmlCacheBehavior [ RunTime:0.000010s ]
INFO: [ view_filter ] --END-- [ RunTime:-0.003594s ]
INFO: [ app_end ] --START--
INFO: Run Behavior\ShowPageTraceBehavior [ RunTime:0.000346s ]
INFO: [ app_end ] --END-- [ RunTime:0.000406s ]

[ 2015-06-05T11:28:46+08:00 ] 183.14.128.133 /index.php?s=/Article/Index/index/category/0.html
INFO: [ app_init ] --START--
INFO: Run Behavior\BuildLiteBehavior [ RunTime:0.000016s ]
INFO: [ app_init ] --END-- [ RunTime:0.000272s ]
INFO: [ app_begin ] --START--
INFO: Run Behavior\ReadHtmlCacheBehavior [ RunTime:0.000330s ]
SQL: SHOW COLUMNS FROM `v_option` [ RunTime:0.0007s ]
SQL: SELECT `meta_value` FROM `v_option` WHERE `meta_key` = 'EMAIL' AND `type` = 'other' LIMIT 1   [ RunTime:0.0001s ]
SQL: SELECT `meta_value` FROM `v_option` WHERE `lang` = 'zh' AND `meta_key` = 'MOBILE' AND `type` = 'other' LIMIT 1   [ RunTime:0.0001s ]
SQL: SELECT `meta_value` FROM `v_option` WHERE `meta_key` = 'PHONE' AND `type` = 'other' LIMIT 1   [ RunTime:0.0001s ]
SQL: SELECT `meta_value` FROM `v_option` WHERE `lang` = 'zh' AND `meta_key` = 'ABOUT' AND `type` = 'index' LIMIT 1   [ RunTime:0.0001s ]
INFO: Run Behavior\CheckLangBehavior [ RunTime:0.008663s ]
INFO: [ app_begin ] --END-- [ RunTime:0.009084s ]
SQL: SHOW COLUMNS FROM `v_article` [ RunTime:0.0005s ]
SQL: SELECT COUNT(*) AS tp_count FROM `v_article` WHERE `lang` LIKE 'zh' LIMIT 1   [ RunTime:0.0001s ]
NOTIC: [8] Undefined index: p /home/xiongjiang/www/App/Article/Controller/IndexController.class.php 第 32 行.
SQL: SELECT * FROM `v_article` WHERE `lang` LIKE 'zh' ORDER BY `id` desc LIMIT 0,10   [ RunTime:0.0001s ]
SQL: SHOW COLUMNS FROM `v_article_category` [ RunTime:0.0004s ]
SQL: SELECT * FROM `v_article_category` WHERE `lang` = 'zh'  [ RunTime:0.0001s ]
NOTIC: [8] Undefined index: sub_id /home/xiongjiang/www/App/Common/Common/function.php 第 185 行.
NOTIC: [8] Undefined index: sub_id /home/xiongjiang/www/App/Common/Common/function.php 第 185 行.
NOTIC: [8] Undefined index: sub_id /home/xiongjiang/www/App/Common/Common/function.php 第 185 行.
NOTIC: [8] Undefined index: sub_id /home/xiongjiang/www/App/Common/Common/function.php 第 185 行.
NOTIC: [8] Undefined index: sub_id /home/xiongjiang/www/App/Common/Common/function.php 第 185 行.
NOTIC: [8] Undefined index: sub_id /home/xiongjiang/www/App/Common/Common/function.php 第 185 行.
SQL: SELECT `meta_value` FROM `v_option` WHERE (  meta_key='site_name' ) AND `lang` = 'zh' LIMIT 1   [ RunTime:0.0001s ]
SQL: SELECT * FROM `v_option` WHERE `meta_key` = 'meta' AND `lang` = 'zh'  [ RunTime:0.0001s ]
SQL: SELECT `meta_value` FROM `v_option` WHERE ( meta_key='site_url' ) LIMIT 1   [ RunTime:0.0001s ]
SQL: SELECT `meta_value` FROM `v_option` WHERE ( meta_key='site_url' ) LIMIT 1   [ RunTime:0.0001s ]
SQL: SELECT `meta_value` FROM `v_option` WHERE ( meta_key='site_url' ) LIMIT 1   [ RunTime:0.0001s ]
SQL: SELECT `meta_value` FROM `v_option` WHERE ( meta_key='site_url' ) LIMIT 1   [ RunTime:0.0001s ]
SQL: SELECT `meta_value` FROM `v_option` WHERE ( meta_key='site_url' ) LIMIT 1   [ RunTime:0.0001s ]
SQL: SELECT `meta_value` FROM `v_option` WHERE ( meta_key='site_url' ) LIMIT 1   [ RunTime:0.0001s ]
SQL: SELECT `meta_value` FROM `v_option` WHERE ( meta_key='site_url' ) LIMIT 1   [ RunTime:0.0001s ]
SQL: SELECT `meta_value` FROM `v_option` WHERE ( meta_key='site_url' ) LIMIT 1   [ RunTime:0.0001s ]
SQL: SHOW COLUMNS FROM `v_product_category` [ RunTime:0.0004s ]
SQL: SELECT * FROM `v_product_category` WHERE `lang` = 'zh'  [ RunTime:0.0001s ]
SQL: SELECT * FROM `v_article_category` WHERE `lang` = 'zh'  [ RunTime:0.0001s ]
SQL: SELECT `meta_value` FROM `v_option` WHERE ( meta_key='site_url' ) LIMIT 1   [ RunTime:0.0001s ]
SQL: SELECT `meta_value` FROM `v_option` WHERE ( meta_key='site_url' ) LIMIT 1   [ RunTime:0.0001s ]
SQL: SELECT `meta_value` FROM `v_option` WHERE ( meta_key='site_url' ) LIMIT 1   [ RunTime:0.0001s ]
SQL: SHOW COLUMNS FROM `v_page` [ RunTime:0.0005s ]
SQL: SELECT `id` FROM `v_page` WHERE `lang` = 'zh' AND `callcode` = 'support' LIMIT 1   [ RunTime:0.0001s ]
SQL: SELECT * FROM `v_page` WHERE `lang` = 'zh' AND `sub_id` = '11'  [ RunTime:0.0002s ]
SQL: SELECT `id` FROM `v_page` WHERE `lang` = 'zh' AND `callcode` = 'channel' LIMIT 1   [ RunTime:0.0001s ]
SQL: SELECT * FROM `v_page` WHERE `lang` = 'zh' AND `sub_id` = '10'  [ RunTime:0.0001s ]
SQL: SELECT `id` FROM `v_page` WHERE `lang` = 'zh' AND `callcode` = 'about' LIMIT 1   [ RunTime:0.0001s ]
SQL: SELECT * FROM `v_page` WHERE `lang` = 'zh' AND `sub_id` = '13'  [ RunTime:0.0001s ]
SQL: SELECT `meta_value` FROM `v_option` WHERE ( meta_key='site_url' ) LIMIT 1   [ RunTime:0.0001s ]
SQL: SELECT `meta_value` FROM `v_option` WHERE ( meta_key='site_url' ) LIMIT 1   [ RunTime:0.0001s ]
SQL: SELECT `meta_value` FROM `v_option` WHERE ( meta_key='site_url' ) LIMIT 1   [ RunTime:0.0001s ]
INFO: [ view_filter ] --START--
INFO: Run Behavior\WriteHtmlCacheBehavior [ RunTime:0.000139s ]
INFO: [ view_filter ] --END-- [ RunTime:0.000194s ]
NOTIC: [8] Undefined variable: currcategory /home/xiongjiang/www/Theme/default/Article/index.php 第 4 行.
NOTIC: [8] Undefined variable: currcategory /home/xiongjiang/www/Theme/default/Article/index.php 第 4 行.
INFO: [ view_filter ] --START--
INFO: Run Behavior\WriteHtmlCacheBehavior [ RunTime:0.000011s ]
INFO: [ view_filter ] --END-- [ RunTime:-0.000409s ]
SQL: SELECT `meta_value` FROM `v_option` WHERE ( meta_key='site_url' ) LIMIT 1   [ RunTime:0.0001s ]
SQL: SELECT `meta_value` FROM `v_option` WHERE ( meta_key='site_url' ) LIMIT 1   [ RunTime:0.0001s ]
SQL: SELECT `meta_value` FROM `v_option` WHERE ( meta_key='site_url' ) LIMIT 1   [ RunTime:0.0001s ]
SQL: SELECT `meta_value` FROM `v_option` WHERE ( meta_key='site_url' ) LIMIT 1   [ RunTime:0.0001s ]
NOTIC: [8] Undefined index: childs /home/xiongjiang/www/Theme/default/Public/ArticleSiderbar.php 第 116 行.
NOTIC: [2] Invalid argument supplied for foreach() /home/xiongjiang/www/Theme/default/Public/ArticleSiderbar.php 第 116 行.
NOTIC: [8] Undefined index: childs /home/xiongjiang/www/Theme/default/Public/ArticleSiderbar.php 第 116 行.
NOTIC: [2] Invalid argument supplied for foreach() /home/xiongjiang/www/Theme/default/Public/ArticleSiderbar.php 第 116 行.
NOTIC: [8] Undefined variable: currcategory /home/xiongjiang/www/Theme/default/Public/ArticleSiderbar.php 第 132 行.
NOTIC: [8] Undefined variable: currcategory /home/xiongjiang/www/Theme/default/Public/ArticleSiderbar.php 第 132 行.
SQL: SELECT `meta_value` FROM `v_option` WHERE ( meta_key='site_url' ) LIMIT 1   [ RunTime:0.0001s ]
NOTIC: [8] Undefined variable: currcategory /home/xiongjiang/www/Theme/default/Public/ArticleSiderbar.php 第 198 行.
NOTIC: [8] Undefined variable: currcategory /home/xiongjiang/www/Theme/default/Public/ArticleSiderbar.php 第 198 行.
SQL: SELECT `meta_value` FROM `v_option` WHERE ( meta_key='site_url' ) LIMIT 1   [ RunTime:0.0001s ]
INFO: [ view_filter ] --START--
INFO: Run Behavior\WriteHtmlCacheBehavior [ RunTime:0.000012s ]
INFO: [ view_filter ] --END-- [ RunTime:-0.002614s ]
NOTIC: [8] Undefined variable: currcategory /home/xiongjiang/www/Theme/default/Article/index.php 第 49 行.
NOTIC: [8] Undefined variable: currcategory /home/xiongjiang/www/Theme/default/Article/index.php 第 61 行.
NOTIC: [8] Undefined variable: currcategory /home/xiongjiang/www/Theme/default/Article/index.php 第 68 行.
SQL: SELECT `meta_value` FROM `v_option` WHERE ( meta_key='site_url' ) LIMIT 1   [ RunTime:0.0001s ]
INFO: [ view_filter ] --START--
INFO: Run Behavior\WriteHtmlCacheBehavior [ RunTime:0.000011s ]
INFO: [ view_filter ] --END-- [ RunTime:-0.003432s ]
INFO: [ view_filter ] --START--
INFO: Run Behavior\WriteHtmlCacheBehavior [ RunTime:0.000017s ]
INFO: [ view_filter ] --END-- [ RunTime:-0.003540s ]
INFO: [ app_end ] --START--
INFO: Run Behavior\ShowPageTraceBehavior [ RunTime:0.000346s ]
INFO: [ app_end ] --END-- [ RunTime:0.000406s ]

[ 2015-06-05T11:28:46+08:00 ] 112.64.235.248 /index.php?s=/Article/Index/index/category/0.html
INFO: [ app_init ] --START--
INFO: Run Behavior\BuildLiteBehavior [ RunTime:0.000013s ]
INFO: [ app_init ] --END-- [ RunTime:0.000259s ]
INFO: [ app_begin ] --START--
INFO: Run Behavior\ReadHtmlCacheBehavior [ RunTime:0.000325s ]
SQL: SHOW COLUMNS FROM `v_option` [ RunTime:0.0004s ]
SQL: SELECT `meta_value` FROM `v_option` WHERE `meta_key` = 'EMAIL' AND `type` = 'other' LIMIT 1   [ RunTime:0.0004s ]
SQL: SELECT `meta_value` FROM `v_option` WHERE `lang` = 'zh' AND `meta_key` = 'MOBILE' AND `type` = 'other' LIMIT 1   [ RunTime:0.0004s ]
SQL: SELECT `meta_value` FROM `v_option` WHERE `meta_key` = 'PHONE' AND `type` = 'other' LIMIT 1   [ RunTime:0.0004s ]
SQL: SELECT `meta_value` FROM `v_option` WHERE `lang` = 'zh' AND `meta_key` = 'ABOUT' AND `type` = 'index' LIMIT 1   [ RunTime:0.0018s ]
INFO: Run Behavior\CheckLangBehavior [ RunTime:0.028386s ]
INFO: [ app_begin ] --END-- [ RunTime:0.028806s ]
SQL: SHOW COLUMNS FROM `v_article` [ RunTime:0.0006s ]
SQL: SELECT COUNT(*) AS tp_count FROM `v_article` WHERE `lang` LIKE 'zh' LIMIT 1   [ RunTime:0.0001s ]
NOTIC: [8] Undefined index: p /home/xiongjiang/www/App/Article/Controller/IndexController.class.php 第 32 行.
SQL: SELECT * FROM `v_article` WHERE `lang` LIKE 'zh' ORDER BY `id` desc LIMIT 0,10   [ RunTime:0.0006s ]
SQL: SHOW COLUMNS FROM `v_article_category` [ RunTime:0.0013s ]
SQL: SELECT * FROM `v_article_category` WHERE `lang` = 'zh'  [ RunTime:0.0003s ]
NOTIC: [8] Undefined index: sub_id /home/xiongjiang/www/App/Common/Common/function.php 第 185 行.
NOTIC: [8] Undefined index: sub_id /home/xiongjiang/www/App/Common/Common/function.php 第 185 行.
NOTIC: [8] Undefined index: sub_id /home/xiongjiang/www/App/Common/Common/function.php 第 185 行.
NOTIC: [8] Undefined index: sub_id /home/xiongjiang/www/App/Common/Common/function.php 第 185 行.
NOTIC: [8] Undefined index: sub_id /home/xiongjiang/www/App/Common/Common/function.php 第 185 行.
NOTIC: [8] Undefined index: sub_id /home/xiongjiang/www/App/Common/Common/function.php 第 185 行.
SQL: SELECT `meta_value` FROM `v_option` WHERE (  meta_key='site_name' ) AND `lang` = 'zh' LIMIT 1   [ RunTime:0.0014s ]
SQL: SELECT * FROM `v_option` WHERE `meta_key` = 'meta' AND `lang` = 'zh'  [ RunTime:0.0008s ]
SQL: SELECT `meta_value` FROM `v_option` WHERE ( meta_key='site_url' ) LIMIT 1   [ RunTime:0.0001s ]
SQL: SELECT `meta_value` FROM `v_option` WHERE ( meta_key='site_url' ) LIMIT 1   [ RunTime:0.0006s ]
SQL: SELECT `meta_value` FROM `v_option` WHERE ( meta_key='site_url' ) LIMIT 1   [ RunTime:0.0001s ]
SQL: SELECT `meta_value` FROM `v_option` WHERE ( meta_key='site_url' ) LIMIT 1   [ RunTime:0.0001s ]
SQL: SELECT `meta_value` FROM `v_option` WHERE ( meta_key='site_url' ) LIMIT 1   [ RunTime:0.0003s ]
SQL: SELECT `meta_value` FROM `v_option` WHERE ( meta_key='site_url' ) LIMIT 1   [ RunTime:0.0003s ]
SQL: SELECT `meta_value` FROM `v_option` WHERE ( meta_key='site_url' ) LIMIT 1   [ RunTime:0.0003s ]
SQL: SELECT `meta_value` FROM `v_option` WHERE ( meta_key='site_url' ) LIMIT 1   [ RunTime:0.0022s ]
SQL: SHOW COLUMNS FROM `v_product_category` [ RunTime:0.0005s ]
SQL: SELECT * FROM `v_product_category` WHERE `lang` = 'zh'  [ RunTime:0.0029s ]
SQL: SELECT * FROM `v_article_category` WHERE `lang` = 'zh'  [ RunTime:0.0003s ]
SQL: SELECT `meta_value` FROM `v_option` WHERE ( meta_key='site_url' ) LIMIT 1   [ RunTime:0.0001s ]
SQL: SELECT `meta_value` FROM `v_option` WHERE ( meta_key='site_url' ) LIMIT 1   [ RunTime:0.0001s ]
SQL: SELECT `meta_value` FROM `v_option` WHERE ( meta_key='site_url' ) LIMIT 1   [ RunTime:0.0001s ]
SQL: SHOW COLUMNS FROM `v_page` [ RunTime:0.0034s ]
SQL: SELECT `id` FROM `v_page` WHERE `lang` = 'zh' AND `callcode` = 'support' LIMIT 1   [ RunTime:0.0004s ]
SQL: SELECT * FROM `v_page` WHERE `lang` = 'zh' AND `sub_id` = '11'  [ RunTime:0.0007s ]
SQL: SELECT `id` FROM `v_page` WHERE `lang` = 'zh' AND `callcode` = 'channel' LIMIT 1   [ RunTime:0.0015s ]
SQL: SELECT * FROM `v_page` WHERE `lang` = 'zh' AND `sub_id` = '10'  [ RunTime:0.0016s ]
SQL: SELECT `id` FROM `v_page` WHERE `lang` = 'zh' AND `callcode` = 'about' LIMIT 1   [ RunTime:0.0006s ]
SQL: SELECT * FROM `v_page` WHERE `lang` = 'zh' AND `sub_id` = '13'  [ RunTime:0.0004s ]
SQL: SELECT `meta_value` FROM `v_option` WHERE ( meta_key='site_url' ) LIMIT 1   [ RunTime:0.0010s ]
SQL: SELECT `meta_value` FROM `v_option` WHERE ( meta_key='site_url' ) LIMIT 1   [ RunTime:0.0001s ]
SQL: SELECT `meta_value` FROM `v_option` WHERE ( meta_key='site_url' ) LIMIT 1   [ RunTime:0.0004s ]
INFO: [ view_filter ] --START--
INFO: Run Behavior\WriteHtmlCacheBehavior [ RunTime:0.000139s ]
INFO: [ view_filter ] --END-- [ RunTime:0.000194s ]
NOTIC: [8] Undefined variable: currcategory /home/xiongjiang/www/Theme/default/Article/index.php 第 4 行.
NOTIC: [8] Undefined variable: currcategory /home/xiongjiang/www/Theme/default/Article/index.php 第 4 行.
INFO: [ view_filter ] --START--
INFO: Run Behavior\WriteHtmlCacheBehavior [ RunTime:0.000011s ]
INFO: [ view_filter ] --END-- [ RunTime:-0.000547s ]
SQL: SELECT `meta_value` FROM `v_option` WHERE ( meta_key='site_url' ) LIMIT 1   [ RunTime:0.0015s ]
SQL: SELECT `meta_value` FROM `v_option` WHERE ( meta_key='site_url' ) LIMIT 1   [ RunTime:0.0001s ]
SQL: SELECT `meta_value` FROM `v_option` WHERE ( meta_key='site_url' ) LIMIT 1   [ RunTime:0.0003s ]
SQL: SELECT `meta_value` FROM `v_option` WHERE ( meta_key='site_url' ) LIMIT 1   [ RunTime:0.0006s ]
NOTIC: [8] Undefined index: childs /home/xiongjiang/www/Theme/default/Public/ArticleSiderbar.php 第 116 行.
NOTIC: [2] Invalid argument supplied for foreach() /home/xiongjiang/www/Theme/default/Public/ArticleSiderbar.php 第 116 行.
NOTIC: [8] Undefined index: childs /home/xiongjiang/www/Theme/default/Public/ArticleSiderbar.php 第 116 行.
NOTIC: [2] Invalid argument supplied for foreach() /home/xiongjiang/www/Theme/default/Public/ArticleSiderbar.php 第 116 行.
NOTIC: [8] Undefined variable: currcategory /home/xiongjiang/www/Theme/default/Public/ArticleSiderbar.php 第 132 行.
NOTIC: [8] Undefined variable: currcategory /home/xiongjiang/www/Theme/default/Public/ArticleSiderbar.php 第 132 行.
SQL: SELECT `meta_value` FROM `v_option` WHERE ( meta_key='site_url' ) LIMIT 1   [ RunTime:0.0009s ]
NOTIC: [8] Undefined variable: currcategory /home/xiongjiang/www/Theme/default/Public/ArticleSiderbar.php 第 198 行.
NOTIC: [8] Undefined variable: currcategory /home/xiongjiang/www/Theme/default/Public/ArticleSiderbar.php 第 198 行.
SQL: SELECT `meta_value` FROM `v_option` WHERE ( meta_key='site_url' ) LIMIT 1   [ RunTime:0.0005s ]
INFO: [ view_filter ] --START--
INFO: Run Behavior\WriteHtmlCacheBehavior [ RunTime:0.000012s ]
INFO: [ view_filter ] --END-- [ RunTime:-0.006194s ]
NOTIC: [8] Undefined variable: currcategory /home/xiongjiang/www/Theme/default/Article/index.php 第 49 行.
NOTIC: [8] Undefined variable: currcategory /home/xiongjiang/www/Theme/default/Article/index.php 第 61 行.
NOTIC: [8] Undefined variable: currcategory /home/xiongjiang/www/Theme/default/Article/index.php 第 68 行.
SQL: SELECT `meta_value` FROM `v_option` WHERE ( meta_key='site_url' ) LIMIT 1   [ RunTime:0.0047s ]
INFO: [ view_filter ] --START--
INFO: Run Behavior\WriteHtmlCacheBehavior [ RunTime:0.000012s ]
INFO: [ view_filter ] --END-- [ RunTime:-0.011570s ]
INFO: [ view_filter ] --START--
INFO: Run Behavior\WriteHtmlCacheBehavior [ RunTime:0.000011s ]
INFO: [ view_filter ] --END-- [ RunTime:-0.011686s ]
INFO: [ app_end ] --START--
INFO: Run Behavior\ShowPageTraceBehavior [ RunTime:0.000368s ]
INFO: [ app_end ] --END-- [ RunTime:0.000433s ]

