[ 2015-05-15T11:05:32+08:00 ] 113.97.144.244 /index.php?s=/Article/Index/index/category/1.html
INFO: [ app_init ] --START--
INFO: Run Behavior\BuildLiteBehavior [ RunTime:0.000015s ]
INFO: [ app_init ] --END-- [ RunTime:0.000295s ]
INFO: [ app_begin ] --START--
INFO: Run Behavior\ReadHtmlCacheBehavior [ RunTime:0.000353s ]
SQL: SHOW COLUMNS FROM `v_option` [ RunTime:0.0007s ]
SQL: SELECT `meta_value` FROM `v_option` WHERE `meta_key` = 'EMAIL' AND `type` = 'other' LIMIT 1   [ RunTime:0.0001s ]
SQL: SELECT `meta_value` FROM `v_option` WHERE `lang` = 'zh' AND `meta_key` = 'MOBILE' AND `type` = 'other' LIMIT 1   [ RunTime:0.0001s ]
SQL: SELECT `meta_value` FROM `v_option` WHERE `meta_key` = 'PHONE' AND `type` = 'other' LIMIT 1   [ RunTime:0.0001s ]
SQL: SELECT `meta_value` FROM `v_option` WHERE `lang` = 'zh' AND `meta_key` = 'ABOUT' AND `type` = 'index' LIMIT 1   [ RunTime:0.0001s ]
INFO: Run Behavior\CheckLangBehavior [ RunTime:0.009855s ]
INFO: [ app_begin ] --END-- [ RunTime:0.010310s ]
SQL: SHOW COLUMNS FROM `v_article` [ RunTime:0.0006s ]
SQL: SHOW COLUMNS FROM `v_article_category` [ RunTime:0.0004s ]
SQL: SELECT * FROM `v_article_category` WHERE `lang` = 'zh' AND `id` = 1  [ RunTime:0.0001s ]
SQL: SELECT COUNT(*) AS tp_count FROM `v_article` WHERE `lang` LIKE 'zh' AND `category_id` LIKE '1' LIMIT 1   [ RunTime:0.0001s ]
NOTIC: [8] Undefined index: p /home/xiongjiang/www/App/Article/Controller/IndexController.class.php 第 32 行.
SQL: SELECT * FROM `v_article` WHERE `lang` LIKE 'zh' AND `category_id` LIKE '1' ORDER BY `id` desc LIMIT 0,10   [ RunTime:0.0001s ]
SQL: SELECT * FROM `v_article_category` WHERE `lang` = 'zh'  [ RunTime:0.0001s ]
SQL: SELECT `meta_value` FROM `v_option` WHERE (  meta_key='site_name' ) AND `lang` = 'zh' LIMIT 1   [ RunTime:0.0001s ]
SQL: SELECT * FROM `v_option` WHERE `meta_key` = 'meta' AND `lang` = 'zh'  [ RunTime:0.0001s ]
SQL: SELECT `meta_value` FROM `v_option` WHERE ( meta_key='site_url' ) LIMIT 1   [ RunTime:0.0002s ]
SQL: SELECT `meta_value` FROM `v_option` WHERE ( meta_key='site_url' ) LIMIT 1   [ RunTime:0.0001s ]
SQL: SELECT `meta_value` FROM `v_option` WHERE ( meta_key='site_url' ) LIMIT 1   [ RunTime:0.0001s ]
SQL: SELECT `meta_value` FROM `v_option` WHERE ( meta_key='site_url' ) LIMIT 1   [ RunTime:0.0001s ]
SQL: SELECT `meta_value` FROM `v_option` WHERE ( meta_key='site_url' ) LIMIT 1   [ RunTime:0.0001s ]
SQL: SELECT `meta_value` FROM `v_option` WHERE ( meta_key='site_url' ) LIMIT 1   [ RunTime:0.0001s ]
SQL: SELECT `meta_value` FROM `v_option` WHERE ( meta_key='site_url' ) LIMIT 1   [ RunTime:0.0001s ]
SQL: SELECT `meta_value` FROM `v_option` WHERE ( meta_key='site_url' ) LIMIT 1   [ RunTime:0.0001s ]
SQL: SHOW COLUMNS FROM `v_product_category` [ RunTime:0.0005s ]
SQL: SELECT * FROM `v_product_category` WHERE `lang` = 'zh'  [ RunTime:0.0001s ]
SQL: SELECT * FROM `v_article_category` WHERE `lang` = 'zh'  [ RunTime:0.0001s ]
SQL: SELECT `meta_value` FROM `v_option` WHERE ( meta_key='site_url' ) LIMIT 1   [ RunTime:0.0001s ]
SQL: SHOW COLUMNS FROM `v_page` [ RunTime:0.0005s ]
SQL: SELECT `id` FROM `v_page` WHERE `lang` = 'zh' AND `callcode` = 'support' LIMIT 1   [ RunTime:0.0001s ]
SQL: SELECT * FROM `v_page` WHERE `lang` = 'zh' AND `sub_id` = '11'  [ RunTime:0.0001s ]
SQL: SELECT `id` FROM `v_page` WHERE `lang` = 'zh' AND `callcode` = 'channel' LIMIT 1   [ RunTime:0.0001s ]
SQL: SELECT * FROM `v_page` WHERE `lang` = 'zh' AND `sub_id` = '10'  [ RunTime:0.0001s ]
SQL: SELECT `id` FROM `v_page` WHERE `lang` = 'zh' AND `callcode` = 'about' LIMIT 1   [ RunTime:0.0001s ]
SQL: SELECT * FROM `v_page` WHERE `lang` = 'zh' AND `sub_id` = '13'  [ RunTime:0.0001s ]
SQL: SELECT `meta_value` FROM `v_option` WHERE ( meta_key='site_url' ) LIMIT 1   [ RunTime:0.0001s ]
SQL: SELECT `meta_value` FROM `v_option` WHERE ( meta_key='site_url' ) LIMIT 1   [ RunTime:0.0001s ]
SQL: SELECT `meta_value` FROM `v_option` WHERE ( meta_key='site_url' ) LIMIT 1   [ RunTime:0.0001s ]
SQL: SELECT `meta_value` FROM `v_option` WHERE ( meta_key='site_url' ) LIMIT 1   [ RunTime:0.0001s ]
INFO: [ view_filter ] --START--
INFO: Run Behavior\WriteHtmlCacheBehavior [ RunTime:0.000150s ]
INFO: [ view_filter ] --END-- [ RunTime:0.000204s ]
INFO: [ view_filter ] --START--
INFO: Run Behavior\WriteHtmlCacheBehavior [ RunTime:0.000011s ]
INFO: [ view_filter ] --END-- [ RunTime:-0.000356s ]
SQL: SELECT `meta_value` FROM `v_option` WHERE ( meta_key='site_url' ) LIMIT 1   [ RunTime:0.0001s ]
SQL: SELECT `meta_value` FROM `v_option` WHERE ( meta_key='site_url' ) LIMIT 1   [ RunTime:0.0001s ]
SQL: SELECT `meta_value` FROM `v_option` WHERE ( meta_key='site_url' ) LIMIT 1   [ RunTime:0.0001s ]
SQL: SELECT `meta_value` FROM `v_option` WHERE ( meta_key='site_url' ) LIMIT 1   [ RunTime:0.0001s ]
SQL: SELECT `meta_value` FROM `v_option` WHERE ( meta_key='site_url' ) LIMIT 1   [ RunTime:0.0001s ]
INFO: [ view_filter ] --START--
INFO: Run Behavior\WriteHtmlCacheBehavior [ RunTime:0.000011s ]
INFO: [ view_filter ] --END-- [ RunTime:-0.002169s ]
INFO: [ view_filter ] --START--
INFO: Run Behavior\WriteHtmlCacheBehavior [ RunTime:0.000012s ]
INFO: [ view_filter ] --END-- [ RunTime:-0.002661s ]
INFO: [ view_filter ] --START--
INFO: Run Behavior\WriteHtmlCacheBehavior [ RunTime:0.000018s ]
INFO: [ view_filter ] --END-- [ RunTime:-0.002784s ]
INFO: [ app_end ] --START--
INFO: Run Behavior\ShowPageTraceBehavior [ RunTime:0.000387s ]
INFO: [ app_end ] --END-- [ RunTime:0.000448s ]

[ 2015-05-15T11:19:09+08:00 ] 113.97.144.244 /index.php?s=/Article/Index/index/category/1.html
INFO: [ app_init ] --START--
INFO: Run Behavior\BuildLiteBehavior [ RunTime:0.000020s ]
INFO: [ app_init ] --END-- [ RunTime:0.000422s ]
INFO: [ app_begin ] --START--
INFO: Run Behavior\ReadHtmlCacheBehavior [ RunTime:0.000503s ]
SQL: SHOW COLUMNS FROM `v_option` [ RunTime:0.0007s ]
SQL: SELECT `meta_value` FROM `v_option` WHERE `meta_key` = 'EMAIL' AND `type` = 'other' LIMIT 1   [ RunTime:0.0001s ]
SQL: SELECT `meta_value` FROM `v_option` WHERE `lang` = 'zh' AND `meta_key` = 'MOBILE' AND `type` = 'other' LIMIT 1   [ RunTime:0.0001s ]
SQL: SELECT `meta_value` FROM `v_option` WHERE `meta_key` = 'PHONE' AND `type` = 'other' LIMIT 1   [ RunTime:0.0001s ]
SQL: SELECT `meta_value` FROM `v_option` WHERE `lang` = 'zh' AND `meta_key` = 'ABOUT' AND `type` = 'index' LIMIT 1   [ RunTime:0.0001s ]
INFO: Run Behavior\CheckLangBehavior [ RunTime:0.009398s ]
INFO: [ app_begin ] --END-- [ RunTime:0.010009s ]
SQL: SHOW COLUMNS FROM `v_article` [ RunTime:0.0006s ]
SQL: SHOW COLUMNS FROM `v_article_category` [ RunTime:0.0005s ]
SQL: SELECT * FROM `v_article_category` WHERE `lang` = 'zh' AND `id` = 1  [ RunTime:0.0001s ]
SQL: SELECT COUNT(*) AS tp_count FROM `v_article` WHERE `lang` LIKE 'zh' AND `category_id` LIKE '1' LIMIT 1   [ RunTime:0.0001s ]
NOTIC: [8] Undefined index: p /home/xiongjiang/www/App/Article/Controller/IndexController.class.php 第 32 行.
SQL: SELECT * FROM `v_article` WHERE `lang` LIKE 'zh' AND `category_id` LIKE '1' ORDER BY `id` desc LIMIT 0,10   [ RunTime:0.0001s ]
SQL: SELECT * FROM `v_article_category` WHERE `lang` = 'zh'  [ RunTime:0.0001s ]
SQL: SELECT `meta_value` FROM `v_option` WHERE (  meta_key='site_name' ) AND `lang` = 'zh' LIMIT 1   [ RunTime:0.0001s ]
SQL: SELECT * FROM `v_option` WHERE `meta_key` = 'meta' AND `lang` = 'zh'  [ RunTime:0.0001s ]
SQL: SELECT `meta_value` FROM `v_option` WHERE ( meta_key='site_url' ) LIMIT 1   [ RunTime:0.0001s ]
SQL: SELECT `meta_value` FROM `v_option` WHERE ( meta_key='site_url' ) LIMIT 1   [ RunTime:0.0001s ]
SQL: SELECT `meta_value` FROM `v_option` WHERE ( meta_key='site_url' ) LIMIT 1   [ RunTime:0.0001s ]
SQL: SELECT `meta_value` FROM `v_option` WHERE ( meta_key='site_url' ) LIMIT 1   [ RunTime:0.0001s ]
SQL: SELECT `meta_value` FROM `v_option` WHERE ( meta_key='site_url' ) LIMIT 1   [ RunTime:0.0001s ]
SQL: SELECT `meta_value` FROM `v_option` WHERE ( meta_key='site_url' ) LIMIT 1   [ RunTime:0.0001s ]
SQL: SELECT `meta_value` FROM `v_option` WHERE ( meta_key='site_url' ) LIMIT 1   [ RunTime:0.0001s ]
SQL: SELECT `meta_value` FROM `v_option` WHERE ( meta_key='site_url' ) LIMIT 1   [ RunTime:0.0001s ]
SQL: SHOW COLUMNS FROM `v_product_category` [ RunTime:0.0006s ]
SQL: SELECT * FROM `v_product_category` WHERE `lang` = 'zh'  [ RunTime:0.0001s ]
SQL: SELECT * FROM `v_article_category` WHERE `lang` = 'zh'  [ RunTime:0.0001s ]
SQL: SELECT `meta_value` FROM `v_option` WHERE ( meta_key='site_url' ) LIMIT 1   [ RunTime:0.0001s ]
SQL: SHOW COLUMNS FROM `v_page` [ RunTime:0.0005s ]
SQL: SELECT `id` FROM `v_page` WHERE `lang` = 'zh' AND `callcode` = 'support' LIMIT 1   [ RunTime:0.0001s ]
SQL: SELECT * FROM `v_page` WHERE `lang` = 'zh' AND `sub_id` = '11'  [ RunTime:0.0001s ]
SQL: SELECT `id` FROM `v_page` WHERE `lang` = 'zh' AND `callcode` = 'channel' LIMIT 1   [ RunTime:0.0001s ]
SQL: SELECT * FROM `v_page` WHERE `lang` = 'zh' AND `sub_id` = '10'  [ RunTime:0.0001s ]
SQL: SELECT `id` FROM `v_page` WHERE `lang` = 'zh' AND `callcode` = 'about' LIMIT 1   [ RunTime:0.0001s ]
SQL: SELECT * FROM `v_page` WHERE `lang` = 'zh' AND `sub_id` = '13'  [ RunTime:0.0001s ]
SQL: SELECT `meta_value` FROM `v_option` WHERE ( meta_key='site_url' ) LIMIT 1   [ RunTime:0.0001s ]
SQL: SELECT `meta_value` FROM `v_option` WHERE ( meta_key='site_url' ) LIMIT 1   [ RunTime:0.0001s ]
SQL: SELECT `meta_value` FROM `v_option` WHERE ( meta_key='site_url' ) LIMIT 1   [ RunTime:0.0001s ]
SQL: SELECT `meta_value` FROM `v_option` WHERE ( meta_key='site_url' ) LIMIT 1   [ RunTime:0.0001s ]
INFO: [ view_filter ] --START--
INFO: Run Behavior\WriteHtmlCacheBehavior [ RunTime:0.000132s ]
INFO: [ view_filter ] --END-- [ RunTime:0.000188s ]
INFO: [ view_filter ] --START--
INFO: Run Behavior\WriteHtmlCacheBehavior [ RunTime:0.000011s ]
INFO: [ view_filter ] --END-- [ RunTime:-0.000358s ]
SQL: SELECT `meta_value` FROM `v_option` WHERE ( meta_key='site_url' ) LIMIT 1   [ RunTime:0.0001s ]
SQL: SELECT `meta_value` FROM `v_option` WHERE ( meta_key='site_url' ) LIMIT 1   [ RunTime:0.0001s ]
SQL: SELECT `meta_value` FROM `v_option` WHERE ( meta_key='site_url' ) LIMIT 1   [ RunTime:0.0017s ]
SQL: SELECT `meta_value` FROM `v_option` WHERE ( meta_key='site_url' ) LIMIT 1   [ RunTime:0.0001s ]
SQL: SELECT `meta_value` FROM `v_option` WHERE ( meta_key='site_url' ) LIMIT 1   [ RunTime:0.0001s ]
INFO: [ view_filter ] --START--
INFO: Run Behavior\WriteHtmlCacheBehavior [ RunTime:0.000012s ]
INFO: [ view_filter ] --END-- [ RunTime:-0.003594s ]
INFO: [ view_filter ] --START--
INFO: Run Behavior\WriteHtmlCacheBehavior [ RunTime:0.000018s ]
INFO: [ view_filter ] --END-- [ RunTime:-0.006341s ]
INFO: [ view_filter ] --START--
INFO: Run Behavior\WriteHtmlCacheBehavior [ RunTime:0.000015s ]
INFO: [ view_filter ] --END-- [ RunTime:-0.006511s ]
INFO: [ app_end ] --START--
INFO: Run Behavior\ShowPageTraceBehavior [ RunTime:0.000559s ]
INFO: [ app_end ] --END-- [ RunTime:0.000646s ]

[ 2015-05-15T20:09:38+08:00 ] 112.95.123.105 /index.php?s=/Article/Index/index/category/1.html
INFO: [ app_init ] --START--
INFO: Run Behavior\BuildLiteBehavior [ RunTime:0.000014s ]
INFO: [ app_init ] --END-- [ RunTime:0.000275s ]
INFO: [ app_begin ] --START--
INFO: Run Behavior\ReadHtmlCacheBehavior [ RunTime:0.000337s ]
SQL: SHOW COLUMNS FROM `v_option` [ RunTime:0.0007s ]
SQL: SELECT `meta_value` FROM `v_option` WHERE `meta_key` = 'EMAIL' AND `type` = 'other' LIMIT 1   [ RunTime:0.0001s ]
SQL: SELECT `meta_value` FROM `v_option` WHERE `lang` = 'zh' AND `meta_key` = 'MOBILE' AND `type` = 'other' LIMIT 1   [ RunTime:0.0001s ]
SQL: SELECT `meta_value` FROM `v_option` WHERE `meta_key` = 'PHONE' AND `type` = 'other' LIMIT 1   [ RunTime:0.0001s ]
SQL: SELECT `meta_value` FROM `v_option` WHERE `lang` = 'zh' AND `meta_key` = 'ABOUT' AND `type` = 'index' LIMIT 1   [ RunTime:0.0001s ]
INFO: Run Behavior\CheckLangBehavior [ RunTime:0.008601s ]
INFO: [ app_begin ] --END-- [ RunTime:0.009026s ]
SQL: SHOW COLUMNS FROM `v_article` [ RunTime:0.0005s ]
SQL: SHOW COLUMNS FROM `v_article_category` [ RunTime:0.0004s ]
SQL: SELECT * FROM `v_article_category` WHERE `lang` = 'zh' AND `id` = 1  [ RunTime:0.0001s ]
SQL: SELECT COUNT(*) AS tp_count FROM `v_article` WHERE `lang` LIKE 'zh' AND `category_id` LIKE '1' LIMIT 1   [ RunTime:0.0001s ]
NOTIC: [8] Undefined index: p /home/xiongjiang/www/App/Article/Controller/IndexController.class.php 第 32 行.
SQL: SELECT * FROM `v_article` WHERE `lang` LIKE 'zh' AND `category_id` LIKE '1' ORDER BY `id` desc LIMIT 0,10   [ RunTime:0.0001s ]
SQL: SELECT * FROM `v_article_category` WHERE `lang` = 'zh'  [ RunTime:0.0001s ]
SQL: SELECT `meta_value` FROM `v_option` WHERE (  meta_key='site_name' ) AND `lang` = 'zh' LIMIT 1   [ RunTime:0.0001s ]
SQL: SELECT * FROM `v_option` WHERE `meta_key` = 'meta' AND `lang` = 'zh'  [ RunTime:0.0001s ]
SQL: SELECT `meta_value` FROM `v_option` WHERE ( meta_key='site_url' ) LIMIT 1   [ RunTime:0.0001s ]
SQL: SELECT `meta_value` FROM `v_option` WHERE ( meta_key='site_url' ) LIMIT 1   [ RunTime:0.0001s ]
SQL: SELECT `meta_value` FROM `v_option` WHERE ( meta_key='site_url' ) LIMIT 1   [ RunTime:0.0001s ]
SQL: SELECT `meta_value` FROM `v_option` WHERE ( meta_key='site_url' ) LIMIT 1   [ RunTime:0.0001s ]
SQL: SELECT `meta_value` FROM `v_option` WHERE ( meta_key='site_url' ) LIMIT 1   [ RunTime:0.0001s ]
SQL: SELECT `meta_value` FROM `v_option` WHERE ( meta_key='site_url' ) LIMIT 1   [ RunTime:0.0001s ]
SQL: SELECT `meta_value` FROM `v_option` WHERE ( meta_key='site_url' ) LIMIT 1   [ RunTime:0.0001s ]
SQL: SELECT `meta_value` FROM `v_option` WHERE ( meta_key='site_url' ) LIMIT 1   [ RunTime:0.0001s ]
SQL: SHOW COLUMNS FROM `v_product_category` [ RunTime:0.0005s ]
SQL: SELECT * FROM `v_product_category` WHERE `lang` = 'zh'  [ RunTime:0.0001s ]
SQL: SELECT * FROM `v_article_category` WHERE `lang` = 'zh'  [ RunTime:0.0001s ]
SQL: SELECT `meta_value` FROM `v_option` WHERE ( meta_key='site_url' ) LIMIT 1   [ RunTime:0.0001s ]
SQL: SHOW COLUMNS FROM `v_page` [ RunTime:0.0006s ]
SQL: SELECT `id` FROM `v_page` WHERE `lang` = 'zh' AND `callcode` = 'support' LIMIT 1   [ RunTime:0.0001s ]
SQL: SELECT * FROM `v_page` WHERE `lang` = 'zh' AND `sub_id` = '11'  [ RunTime:0.0001s ]
SQL: SELECT `id` FROM `v_page` WHERE `lang` = 'zh' AND `callcode` = 'channel' LIMIT 1   [ RunTime:0.0001s ]
SQL: SELECT * FROM `v_page` WHERE `lang` = 'zh' AND `sub_id` = '10'  [ RunTime:0.0001s ]
SQL: SELECT `id` FROM `v_page` WHERE `lang` = 'zh' AND `callcode` = 'about' LIMIT 1   [ RunTime:0.0001s ]
SQL: SELECT * FROM `v_page` WHERE `lang` = 'zh' AND `sub_id` = '13'  [ RunTime:0.0001s ]
SQL: SELECT `meta_value` FROM `v_option` WHERE ( meta_key='site_url' ) LIMIT 1   [ RunTime:0.0001s ]
SQL: SELECT `meta_value` FROM `v_option` WHERE ( meta_key='site_url' ) LIMIT 1   [ RunTime:0.0001s ]
SQL: SELECT `meta_value` FROM `v_option` WHERE ( meta_key='site_url' ) LIMIT 1   [ RunTime:0.0001s ]
SQL: SELECT `meta_value` FROM `v_option` WHERE ( meta_key='site_url' ) LIMIT 1   [ RunTime:0.0001s ]
INFO: [ view_filter ] --START--
INFO: Run Behavior\WriteHtmlCacheBehavior [ RunTime:0.000165s ]
INFO: [ view_filter ] --END-- [ RunTime:0.000230s ]
INFO: [ view_filter ] --START--
INFO: Run Behavior\WriteHtmlCacheBehavior [ RunTime:0.000012s ]
INFO: [ view_filter ] --END-- [ RunTime:-0.000383s ]
SQL: SELECT `meta_value` FROM `v_option` WHERE ( meta_key='site_url' ) LIMIT 1   [ RunTime:0.0001s ]
SQL: SELECT `meta_value` FROM `v_option` WHERE ( meta_key='site_url' ) LIMIT 1   [ RunTime:0.0001s ]
SQL: SELECT `meta_value` FROM `v_option` WHERE ( meta_key='site_url' ) LIMIT 1   [ RunTime:0.0001s ]
SQL: SELECT `meta_value` FROM `v_option` WHERE ( meta_key='site_url' ) LIMIT 1   [ RunTime:0.0001s ]
SQL: SELECT `meta_value` FROM `v_option` WHERE ( meta_key='site_url' ) LIMIT 1   [ RunTime:0.0001s ]
INFO: [ view_filter ] --START--
INFO: Run Behavior\WriteHtmlCacheBehavior [ RunTime:0.000011s ]
INFO: [ view_filter ] --END-- [ RunTime:-0.001914s ]
INFO: [ view_filter ] --START--
INFO: Run Behavior\WriteHtmlCacheBehavior [ RunTime:0.000012s ]
INFO: [ view_filter ] --END-- [ RunTime:-0.002368s ]
INFO: [ view_filter ] --START--
INFO: Run Behavior\WriteHtmlCacheBehavior [ RunTime:0.000011s ]
INFO: [ view_filter ] --END-- [ RunTime:-0.002478s ]
INFO: [ app_end ] --START--
INFO: Run Behavior\ShowPageTraceBehavior [ RunTime:0.000349s ]
INFO: [ app_end ] --END-- [ RunTime:0.000412s ]

