[ 2015-06-28T03:31:20+08:00 ] 222.58.90.11 /index.php?s=/Article/Index/index/category/0.html
INFO: [ app_init ] --START--
INFO: Run Behavior\BuildLiteBehavior [ RunTime:0.000015s ]
INFO: [ app_init ] --END-- [ RunTime:0.000296s ]
INFO: [ app_begin ] --START--
INFO: Run Behavior\ReadHtmlCacheBehavior [ RunTime:0.000329s ]
SQL: SHOW COLUMNS FROM `v_option` [ RunTime:0.0007s ]
SQL: SELECT `meta_value` FROM `v_option` WHERE `meta_key` = 'EMAIL' AND `type` = 'other' LIMIT 1   [ RunTime:0.0001s ]
SQL: SELECT `meta_value` FROM `v_option` WHERE `lang` = 'zh' AND `meta_key` = 'MOBILE' AND `type` = 'other' LIMIT 1   [ RunTime:0.0001s ]
SQL: SELECT `meta_value` FROM `v_option` WHERE `meta_key` = 'PHONE' AND `type` = 'other' LIMIT 1   [ RunTime:0.0001s ]
SQL: SELECT `meta_value` FROM `v_option` WHERE `lang` = 'zh' AND `meta_key` = 'ABOUT' AND `type` = 'index' LIMIT 1   [ RunTime:0.0001s ]
INFO: Run Behavior\CheckLangBehavior [ RunTime:0.010891s ]
INFO: [ app_begin ] --END-- [ RunTime:0.011309s ]
SQL: SHOW COLUMNS FROM `v_article` [ RunTime:0.0006s ]
SQL: SELECT COUNT(*) AS tp_count FROM `v_article` WHERE `lang` LIKE 'zh' LIMIT 1   [ RunTime:0.0001s ]
NOTIC: [8] Undefined index: p /home/xiongjiang/www/App/Article/Controller/IndexController.class.php 第 32 行.
SQL: SELECT * FROM `v_article` WHERE `lang` LIKE 'zh' ORDER BY `id` desc LIMIT 0,10   [ RunTime:0.0001s ]
SQL: SHOW COLUMNS FROM `v_article_category` [ RunTime:0.0004s ]
SQL: SELECT * FROM `v_article_category` WHERE `lang` = 'zh'  [ RunTime:0.0001s ]
NOTIC: [8] Undefined index: sub_id /home/xiongjiang/www/App/Common/Common/function.php 第 185 行.
NOTIC: [8] Undefined index: sub_id /home/xiongjiang/www/App/Common/Common/function.php 第 185 行.
NOTIC: [8] Undefined index: sub_id /home/xiongjiang/www/App/Common/Common/function.php 第 185 行.
NOTIC: [8] Undefined index: sub_id /home/xiongjiang/www/App/Common/Common/function.php 第 185 行.
NOTIC: [8] Undefined index: sub_id /home/xiongjiang/www/App/Common/Common/function.php 第 185 行.
NOTIC: [8] Undefined index: sub_id /home/xiongjiang/www/App/Common/Common/function.php 第 185 行.
SQL: SELECT `meta_value` FROM `v_option` WHERE (  meta_key='site_name' ) AND `lang` = 'zh' LIMIT 1   [ RunTime:0.0001s ]
SQL: SELECT * FROM `v_option` WHERE `meta_key` = 'meta' AND `lang` = 'zh'  [ RunTime:0.0001s ]
SQL: SELECT `meta_value` FROM `v_option` WHERE ( meta_key='site_url' ) LIMIT 1   [ RunTime:0.0001s ]
SQL: SELECT `meta_value` FROM `v_option` WHERE ( meta_key='site_url' ) LIMIT 1   [ RunTime:0.0001s ]
SQL: SELECT `meta_value` FROM `v_option` WHERE ( meta_key='site_url' ) LIMIT 1   [ RunTime:0.0001s ]
SQL: SELECT `meta_value` FROM `v_option` WHERE ( meta_key='site_url' ) LIMIT 1   [ RunTime:0.0001s ]
SQL: SELECT `meta_value` FROM `v_option` WHERE ( meta_key='site_url' ) LIMIT 1   [ RunTime:0.0001s ]
SQL: SELECT `meta_value` FROM `v_option` WHERE ( meta_key='site_url' ) LIMIT 1   [ RunTime:0.0001s ]
SQL: SELECT `meta_value` FROM `v_option` WHERE ( meta_key='site_url' ) LIMIT 1   [ RunTime:0.0001s ]
SQL: SELECT `meta_value` FROM `v_option` WHERE ( meta_key='site_url' ) LIMIT 1   [ RunTime:0.0001s ]
SQL: SHOW COLUMNS FROM `v_product_category` [ RunTime:0.0005s ]
SQL: SELECT * FROM `v_product_category` WHERE `lang` = 'zh' ORDER BY `order` asc,`created` desc  [ RunTime:0.0001s ]
SQL: SELECT * FROM `v_article_category` WHERE `lang` = 'zh'  [ RunTime:0.0001s ]
SQL: SELECT `meta_value` FROM `v_option` WHERE ( meta_key='site_url' ) LIMIT 1   [ RunTime:0.0001s ]
SQL: SELECT `meta_value` FROM `v_option` WHERE ( meta_key='site_url' ) LIMIT 1   [ RunTime:0.0001s ]
SQL: SELECT `meta_value` FROM `v_option` WHERE ( meta_key='site_url' ) LIMIT 1   [ RunTime:0.0001s ]
SQL: SHOW COLUMNS FROM `v_page` [ RunTime:0.0005s ]
SQL: SELECT `id` FROM `v_page` WHERE `lang` = 'zh' AND `callcode` = 'support' LIMIT 1   [ RunTime:0.0001s ]
SQL: SELECT * FROM `v_page` WHERE `lang` = 'zh' AND `sub_id` = '11'  [ RunTime:0.0002s ]
SQL: SELECT `id` FROM `v_page` WHERE `lang` = 'zh' AND `callcode` = 'channel' LIMIT 1   [ RunTime:0.0001s ]
SQL: SELECT * FROM `v_page` WHERE `lang` = 'zh' AND `sub_id` = '10'  [ RunTime:0.0001s ]
SQL: SELECT `id` FROM `v_page` WHERE `lang` = 'zh' AND `callcode` = 'about' LIMIT 1   [ RunTime:0.0001s ]
SQL: SELECT * FROM `v_page` WHERE `lang` = 'zh' AND `sub_id` = '13'  [ RunTime:0.0001s ]
SQL: SELECT `meta_value` FROM `v_option` WHERE ( meta_key='site_url' ) LIMIT 1   [ RunTime:0.0001s ]
SQL: SELECT `meta_value` FROM `v_option` WHERE ( meta_key='site_url' ) LIMIT 1   [ RunTime:0.0001s ]
SQL: SELECT `meta_value` FROM `v_option` WHERE ( meta_key='site_url' ) LIMIT 1   [ RunTime:0.0001s ]
INFO: [ view_filter ] --START--
INFO: Run Behavior\WriteHtmlCacheBehavior [ RunTime:0.000160s ]
INFO: [ view_filter ] --END-- [ RunTime:0.000213s ]
NOTIC: [8] Undefined variable: currcategory /home/xiongjiang/www/Theme/default/Article/index.php 第 4 行.
NOTIC: [8] Undefined variable: currcategory /home/xiongjiang/www/Theme/default/Article/index.php 第 4 行.
INFO: [ view_filter ] --START--
INFO: Run Behavior\WriteHtmlCacheBehavior [ RunTime:0.000011s ]
INFO: [ view_filter ] --END-- [ RunTime:-0.000471s ]
SQL: SELECT `meta_value` FROM `v_option` WHERE ( meta_key='site_url' ) LIMIT 1   [ RunTime:0.0001s ]
SQL: SELECT `meta_value` FROM `v_option` WHERE ( meta_key='site_url' ) LIMIT 1   [ RunTime:0.0001s ]
SQL: SELECT `meta_value` FROM `v_option` WHERE ( meta_key='site_url' ) LIMIT 1   [ RunTime:0.0001s ]
SQL: SELECT `meta_value` FROM `v_option` WHERE ( meta_key='site_url' ) LIMIT 1   [ RunTime:0.0001s ]
NOTIC: [8] Undefined index: childs /home/xiongjiang/www/Theme/default/Public/ArticleSiderbar.php 第 116 行.
NOTIC: [2] Invalid argument supplied for foreach() /home/xiongjiang/www/Theme/default/Public/ArticleSiderbar.php 第 116 行.
NOTIC: [8] Undefined index: childs /home/xiongjiang/www/Theme/default/Public/ArticleSiderbar.php 第 116 行.
NOTIC: [2] Invalid argument supplied for foreach() /home/xiongjiang/www/Theme/default/Public/ArticleSiderbar.php 第 116 行.
NOTIC: [8] Undefined variable: currcategory /home/xiongjiang/www/Theme/default/Public/ArticleSiderbar.php 第 132 行.
NOTIC: [8] Undefined variable: currcategory /home/xiongjiang/www/Theme/default/Public/ArticleSiderbar.php 第 132 行.
SQL: SELECT `meta_value` FROM `v_option` WHERE ( meta_key='site_url' ) LIMIT 1   [ RunTime:0.0001s ]
NOTIC: [8] Undefined variable: currcategory /home/xiongjiang/www/Theme/default/Public/ArticleSiderbar.php 第 198 行.
NOTIC: [8] Undefined variable: currcategory /home/xiongjiang/www/Theme/default/Public/ArticleSiderbar.php 第 198 行.
SQL: SELECT `meta_value` FROM `v_option` WHERE ( meta_key='site_url' ) LIMIT 1   [ RunTime:0.0001s ]
INFO: [ view_filter ] --START--
INFO: Run Behavior\WriteHtmlCacheBehavior [ RunTime:0.000011s ]
INFO: [ view_filter ] --END-- [ RunTime:-0.002895s ]
NOTIC: [2] Invalid argument supplied for foreach() /home/xiongjiang/www/Theme/default/Article/index.php 第 24 行.
SQL: SELECT `meta_value` FROM `v_option` WHERE ( meta_key='site_url' ) LIMIT 1   [ RunTime:0.0001s ]
INFO: [ view_filter ] --START--
INFO: Run Behavior\WriteHtmlCacheBehavior [ RunTime:0.000014s ]
INFO: [ view_filter ] --END-- [ RunTime:-0.003431s ]
INFO: [ view_filter ] --START--
INFO: Run Behavior\WriteHtmlCacheBehavior [ RunTime:0.000013s ]
INFO: [ view_filter ] --END-- [ RunTime:-0.003544s ]
INFO: [ app_end ] --START--
INFO: Run Behavior\ShowPageTraceBehavior [ RunTime:0.000430s ]
INFO: [ app_end ] --END-- [ RunTime:0.000493s ]

[ 2015-06-28T04:28:17+08:00 ] 115.239.212.66 /index.php?s=/Article/Index/index/category/0.html
INFO: [ app_init ] --START--
INFO: Run Behavior\BuildLiteBehavior [ RunTime:0.000015s ]
INFO: [ app_init ] --END-- [ RunTime:0.000326s ]
INFO: [ app_begin ] --START--
INFO: Run Behavior\ReadHtmlCacheBehavior [ RunTime:0.000321s ]
SQL: SHOW COLUMNS FROM `v_option` [ RunTime:0.0007s ]
SQL: SELECT `meta_value` FROM `v_option` WHERE `meta_key` = 'EMAIL' AND `type` = 'other' LIMIT 1   [ RunTime:0.0001s ]
SQL: SELECT `meta_value` FROM `v_option` WHERE `lang` = 'zh' AND `meta_key` = 'MOBILE' AND `type` = 'other' LIMIT 1   [ RunTime:0.0001s ]
SQL: SELECT `meta_value` FROM `v_option` WHERE `meta_key` = 'PHONE' AND `type` = 'other' LIMIT 1   [ RunTime:0.0001s ]
SQL: SELECT `meta_value` FROM `v_option` WHERE `lang` = 'zh' AND `meta_key` = 'ABOUT' AND `type` = 'index' LIMIT 1   [ RunTime:0.0001s ]
INFO: Run Behavior\CheckLangBehavior [ RunTime:0.008609s ]
INFO: [ app_begin ] --END-- [ RunTime:0.009064s ]
SQL: SHOW COLUMNS FROM `v_article` [ RunTime:0.0005s ]
SQL: SELECT COUNT(*) AS tp_count FROM `v_article` WHERE `lang` LIKE 'zh' LIMIT 1   [ RunTime:0.0001s ]
NOTIC: [8] Undefined index: p /home/xiongjiang/www/App/Article/Controller/IndexController.class.php 第 32 行.
SQL: SELECT * FROM `v_article` WHERE `lang` LIKE 'zh' ORDER BY `id` desc LIMIT 0,10   [ RunTime:0.0001s ]
SQL: SHOW COLUMNS FROM `v_article_category` [ RunTime:0.0004s ]
SQL: SELECT * FROM `v_article_category` WHERE `lang` = 'zh'  [ RunTime:0.0001s ]
NOTIC: [8] Undefined index: sub_id /home/xiongjiang/www/App/Common/Common/function.php 第 185 行.
NOTIC: [8] Undefined index: sub_id /home/xiongjiang/www/App/Common/Common/function.php 第 185 行.
NOTIC: [8] Undefined index: sub_id /home/xiongjiang/www/App/Common/Common/function.php 第 185 行.
NOTIC: [8] Undefined index: sub_id /home/xiongjiang/www/App/Common/Common/function.php 第 185 行.
NOTIC: [8] Undefined index: sub_id /home/xiongjiang/www/App/Common/Common/function.php 第 185 行.
NOTIC: [8] Undefined index: sub_id /home/xiongjiang/www/App/Common/Common/function.php 第 185 行.
SQL: SELECT `meta_value` FROM `v_option` WHERE (  meta_key='site_name' ) AND `lang` = 'zh' LIMIT 1   [ RunTime:0.0001s ]
SQL: SELECT * FROM `v_option` WHERE `meta_key` = 'meta' AND `lang` = 'zh'  [ RunTime:0.0001s ]
SQL: SELECT `meta_value` FROM `v_option` WHERE ( meta_key='site_url' ) LIMIT 1   [ RunTime:0.0001s ]
SQL: SELECT `meta_value` FROM `v_option` WHERE ( meta_key='site_url' ) LIMIT 1   [ RunTime:0.0001s ]
SQL: SELECT `meta_value` FROM `v_option` WHERE ( meta_key='site_url' ) LIMIT 1   [ RunTime:0.0001s ]
SQL: SELECT `meta_value` FROM `v_option` WHERE ( meta_key='site_url' ) LIMIT 1   [ RunTime:0.0001s ]
SQL: SELECT `meta_value` FROM `v_option` WHERE ( meta_key='site_url' ) LIMIT 1   [ RunTime:0.0001s ]
SQL: SELECT `meta_value` FROM `v_option` WHERE ( meta_key='site_url' ) LIMIT 1   [ RunTime:0.0001s ]
SQL: SELECT `meta_value` FROM `v_option` WHERE ( meta_key='site_url' ) LIMIT 1   [ RunTime:0.0001s ]
SQL: SELECT `meta_value` FROM `v_option` WHERE ( meta_key='site_url' ) LIMIT 1   [ RunTime:0.0001s ]
SQL: SHOW COLUMNS FROM `v_product_category` [ RunTime:0.0005s ]
SQL: SELECT * FROM `v_product_category` WHERE `lang` = 'zh' ORDER BY `order` asc,`created` desc  [ RunTime:0.0001s ]
SQL: SELECT * FROM `v_article_category` WHERE `lang` = 'zh'  [ RunTime:0.0001s ]
SQL: SELECT `meta_value` FROM `v_option` WHERE ( meta_key='site_url' ) LIMIT 1   [ RunTime:0.0001s ]
SQL: SELECT `meta_value` FROM `v_option` WHERE ( meta_key='site_url' ) LIMIT 1   [ RunTime:0.0001s ]
SQL: SELECT `meta_value` FROM `v_option` WHERE ( meta_key='site_url' ) LIMIT 1   [ RunTime:0.0001s ]
SQL: SHOW COLUMNS FROM `v_page` [ RunTime:0.0005s ]
SQL: SELECT `id` FROM `v_page` WHERE `lang` = 'zh' AND `callcode` = 'support' LIMIT 1   [ RunTime:0.0001s ]
SQL: SELECT * FROM `v_page` WHERE `lang` = 'zh' AND `sub_id` = '11'  [ RunTime:0.0002s ]
SQL: SELECT `id` FROM `v_page` WHERE `lang` = 'zh' AND `callcode` = 'channel' LIMIT 1   [ RunTime:0.0001s ]
SQL: SELECT * FROM `v_page` WHERE `lang` = 'zh' AND `sub_id` = '10'  [ RunTime:0.0001s ]
SQL: SELECT `id` FROM `v_page` WHERE `lang` = 'zh' AND `callcode` = 'about' LIMIT 1   [ RunTime:0.0001s ]
SQL: SELECT * FROM `v_page` WHERE `lang` = 'zh' AND `sub_id` = '13'  [ RunTime:0.0001s ]
SQL: SELECT `meta_value` FROM `v_option` WHERE ( meta_key='site_url' ) LIMIT 1   [ RunTime:0.0001s ]
SQL: SELECT `meta_value` FROM `v_option` WHERE ( meta_key='site_url' ) LIMIT 1   [ RunTime:0.0001s ]
SQL: SELECT `meta_value` FROM `v_option` WHERE ( meta_key='site_url' ) LIMIT 1   [ RunTime:0.0001s ]
INFO: [ view_filter ] --START--
INFO: Run Behavior\WriteHtmlCacheBehavior [ RunTime:0.000214s ]
INFO: [ view_filter ] --END-- [ RunTime:0.000285s ]
NOTIC: [8] Undefined variable: currcategory /home/xiongjiang/www/Theme/default/Article/index.php 第 4 行.
NOTIC: [8] Undefined variable: currcategory /home/xiongjiang/www/Theme/default/Article/index.php 第 4 行.
INFO: [ view_filter ] --START--
INFO: Run Behavior\WriteHtmlCacheBehavior [ RunTime:0.000012s ]
INFO: [ view_filter ] --END-- [ RunTime:-0.000505s ]
SQL: SELECT `meta_value` FROM `v_option` WHERE ( meta_key='site_url' ) LIMIT 1   [ RunTime:0.0001s ]
SQL: SELECT `meta_value` FROM `v_option` WHERE ( meta_key='site_url' ) LIMIT 1   [ RunTime:0.0001s ]
SQL: SELECT `meta_value` FROM `v_option` WHERE ( meta_key='site_url' ) LIMIT 1   [ RunTime:0.0001s ]
SQL: SELECT `meta_value` FROM `v_option` WHERE ( meta_key='site_url' ) LIMIT 1   [ RunTime:0.0001s ]
NOTIC: [8] Undefined index: childs /home/xiongjiang/www/Theme/default/Public/ArticleSiderbar.php 第 116 行.
NOTIC: [2] Invalid argument supplied for foreach() /home/xiongjiang/www/Theme/default/Public/ArticleSiderbar.php 第 116 行.
NOTIC: [8] Undefined index: childs /home/xiongjiang/www/Theme/default/Public/ArticleSiderbar.php 第 116 行.
NOTIC: [2] Invalid argument supplied for foreach() /home/xiongjiang/www/Theme/default/Public/ArticleSiderbar.php 第 116 行.
NOTIC: [8] Undefined variable: currcategory /home/xiongjiang/www/Theme/default/Public/ArticleSiderbar.php 第 132 行.
NOTIC: [8] Undefined variable: currcategory /home/xiongjiang/www/Theme/default/Public/ArticleSiderbar.php 第 132 行.
SQL: SELECT `meta_value` FROM `v_option` WHERE ( meta_key='site_url' ) LIMIT 1   [ RunTime:0.0001s ]
NOTIC: [8] Undefined variable: currcategory /home/xiongjiang/www/Theme/default/Public/ArticleSiderbar.php 第 198 行.
NOTIC: [8] Undefined variable: currcategory /home/xiongjiang/www/Theme/default/Public/ArticleSiderbar.php 第 198 行.
SQL: SELECT `meta_value` FROM `v_option` WHERE ( meta_key='site_url' ) LIMIT 1   [ RunTime:0.0001s ]
INFO: [ view_filter ] --START--
INFO: Run Behavior\WriteHtmlCacheBehavior [ RunTime:0.000019s ]
INFO: [ view_filter ] --END-- [ RunTime:-0.003051s ]
NOTIC: [2] Invalid argument supplied for foreach() /home/xiongjiang/www/Theme/default/Article/index.php 第 24 行.
SQL: SELECT `meta_value` FROM `v_option` WHERE ( meta_key='site_url' ) LIMIT 1   [ RunTime:0.0001s ]
INFO: [ view_filter ] --START--
INFO: Run Behavior\WriteHtmlCacheBehavior [ RunTime:0.000011s ]
INFO: [ view_filter ] --END-- [ RunTime:-0.003585s ]
INFO: [ view_filter ] --START--
INFO: Run Behavior\WriteHtmlCacheBehavior [ RunTime:0.000011s ]
INFO: [ view_filter ] --END-- [ RunTime:-0.003781s ]
INFO: [ app_end ] --START--
INFO: Run Behavior\ShowPageTraceBehavior [ RunTime:0.000364s ]
INFO: [ app_end ] --END-- [ RunTime:0.000425s ]

[ 2015-06-28T07:29:14+08:00 ] 123.125.71.60 /index.php?s=/Article/Index/single/id/1.html
INFO: [ app_init ] --START--
INFO: Run Behavior\BuildLiteBehavior [ RunTime:0.000015s ]
INFO: [ app_init ] --END-- [ RunTime:0.000282s ]
INFO: [ app_begin ] --START--
INFO: Run Behavior\ReadHtmlCacheBehavior [ RunTime:0.000363s ]
SQL: SHOW COLUMNS FROM `v_option` [ RunTime:0.0007s ]
SQL: SELECT `meta_value` FROM `v_option` WHERE `meta_key` = 'EMAIL' AND `type` = 'other' LIMIT 1   [ RunTime:0.0001s ]
SQL: SELECT `meta_value` FROM `v_option` WHERE `lang` = 'zh' AND `meta_key` = 'MOBILE' AND `type` = 'other' LIMIT 1   [ RunTime:0.0001s ]
SQL: SELECT `meta_value` FROM `v_option` WHERE `meta_key` = 'PHONE' AND `type` = 'other' LIMIT 1   [ RunTime:0.0001s ]
SQL: SELECT `meta_value` FROM `v_option` WHERE `lang` = 'zh' AND `meta_key` = 'ABOUT' AND `type` = 'index' LIMIT 1   [ RunTime:0.0001s ]
INFO: Run Behavior\CheckLangBehavior [ RunTime:0.008723s ]
INFO: [ app_begin ] --END-- [ RunTime:0.009176s ]
SQL: SHOW COLUMNS FROM `v_article_category` [ RunTime:0.0005s ]
SQL: SELECT * FROM `v_article_category` WHERE `lang` = 'zh'  [ RunTime:0.0001s ]
NOTIC: [8] Undefined index: sub_id /home/xiongjiang/www/App/Common/Common/function.php 第 185 行.
NOTIC: [8] Undefined index: sub_id /home/xiongjiang/www/App/Common/Common/function.php 第 185 行.
NOTIC: [8] Undefined index: sub_id /home/xiongjiang/www/App/Common/Common/function.php 第 185 行.
NOTIC: [8] Undefined index: sub_id /home/xiongjiang/www/App/Common/Common/function.php 第 185 行.
NOTIC: [8] Undefined index: sub_id /home/xiongjiang/www/App/Common/Common/function.php 第 185 行.
NOTIC: [8] Undefined index: sub_id /home/xiongjiang/www/App/Common/Common/function.php 第 185 行.
SQL: SHOW COLUMNS FROM `v_article` [ RunTime:0.0005s ]
SQL: SELECT * FROM `v_article` WHERE ( id='1' )  [ RunTime:0.0003s ]
SQL: SELECT * FROM `v_article_category` WHERE `id` = null  [ RunTime:0.0002s ]
SQL: SELECT `meta_value` FROM `v_option` WHERE (  meta_key='site_name' ) AND `lang` = 'zh' LIMIT 1   [ RunTime:0.0001s ]
SQL: SELECT * FROM `v_option` WHERE `meta_key` = 'meta' AND `lang` = 'zh'  [ RunTime:0.0001s ]
SQL: SELECT `meta_value` FROM `v_option` WHERE ( meta_key='site_url' ) LIMIT 1   [ RunTime:0.0001s ]
SQL: SELECT `meta_value` FROM `v_option` WHERE ( meta_key='site_url' ) LIMIT 1   [ RunTime:0.0001s ]
SQL: SELECT `meta_value` FROM `v_option` WHERE ( meta_key='site_url' ) LIMIT 1   [ RunTime:0.0001s ]
SQL: SELECT `meta_value` FROM `v_option` WHERE ( meta_key='site_url' ) LIMIT 1   [ RunTime:0.0001s ]
SQL: SELECT `meta_value` FROM `v_option` WHERE ( meta_key='site_url' ) LIMIT 1   [ RunTime:0.0001s ]
SQL: SELECT `meta_value` FROM `v_option` WHERE ( meta_key='site_url' ) LIMIT 1   [ RunTime:0.0001s ]
SQL: SELECT `meta_value` FROM `v_option` WHERE ( meta_key='site_url' ) LIMIT 1   [ RunTime:0.0001s ]
SQL: SELECT `meta_value` FROM `v_option` WHERE ( meta_key='site_url' ) LIMIT 1   [ RunTime:0.0001s ]
SQL: SHOW COLUMNS FROM `v_product_category` [ RunTime:0.0005s ]
SQL: SELECT * FROM `v_product_category` WHERE `lang` = 'zh' ORDER BY `order` asc,`created` desc  [ RunTime:0.0001s ]
SQL: SELECT * FROM `v_article_category` WHERE `lang` = 'zh'  [ RunTime:0.0001s ]
SQL: SELECT `meta_value` FROM `v_option` WHERE ( meta_key='site_url' ) LIMIT 1   [ RunTime:0.0001s ]
SQL: SELECT `meta_value` FROM `v_option` WHERE ( meta_key='site_url' ) LIMIT 1   [ RunTime:0.0001s ]
SQL: SELECT `meta_value` FROM `v_option` WHERE ( meta_key='site_url' ) LIMIT 1   [ RunTime:0.0001s ]
SQL: SHOW COLUMNS FROM `v_page` [ RunTime:0.0005s ]
SQL: SELECT `id` FROM `v_page` WHERE `lang` = 'zh' AND `callcode` = 'support' LIMIT 1   [ RunTime:0.0001s ]
SQL: SELECT * FROM `v_page` WHERE `lang` = 'zh' AND `sub_id` = '11'  [ RunTime:0.0002s ]
SQL: SELECT `id` FROM `v_page` WHERE `lang` = 'zh' AND `callcode` = 'channel' LIMIT 1   [ RunTime:0.0001s ]
SQL: SELECT * FROM `v_page` WHERE `lang` = 'zh' AND `sub_id` = '10'  [ RunTime:0.0001s ]
SQL: SELECT `id` FROM `v_page` WHERE `lang` = 'zh' AND `callcode` = 'about' LIMIT 1   [ RunTime:0.0001s ]
SQL: SELECT * FROM `v_page` WHERE `lang` = 'zh' AND `sub_id` = '13'  [ RunTime:0.0001s ]
SQL: SELECT `meta_value` FROM `v_option` WHERE ( meta_key='site_url' ) LIMIT 1   [ RunTime:0.0001s ]
SQL: SELECT `meta_value` FROM `v_option` WHERE ( meta_key='site_url' ) LIMIT 1   [ RunTime:0.0001s ]
SQL: SELECT `meta_value` FROM `v_option` WHERE ( meta_key='site_url' ) LIMIT 1   [ RunTime:0.0001s ]
INFO: [ view_filter ] --START--
INFO: Run Behavior\WriteHtmlCacheBehavior [ RunTime:0.000184s ]
INFO: [ view_filter ] --END-- [ RunTime:0.000243s ]
NOTIC: [8] Undefined index: title /home/xiongjiang/www/Theme/default/Article/single.php 第 5 行.
NOTIC: [8] Undefined index: path /home/xiongjiang/www/Theme/default/Public/Crumb.php 第 17 行.
INFO: [ view_filter ] --START--
INFO: Run Behavior\WriteHtmlCacheBehavior [ RunTime:0.000012s ]
INFO: [ view_filter ] --END-- [ RunTime:-0.000455s ]
SQL: SELECT `meta_value` FROM `v_option` WHERE ( meta_key='site_url' ) LIMIT 1   [ RunTime:0.0001s ]
NOTIC: [8] Undefined index: title /home/xiongjiang/www/Theme/default/Article/single.php 第 13 行.
SQL: SELECT `meta_value` FROM `v_option` WHERE ( meta_key='site_url' ) LIMIT 1   [ RunTime:0.0001s ]
NOTIC: [8] Undefined index: childs /home/xiongjiang/www/Theme/default/Public/ArticleSiderbar.php 第 116 行.
NOTIC: [2] Invalid argument supplied for foreach() /home/xiongjiang/www/Theme/default/Public/ArticleSiderbar.php 第 116 行.
NOTIC: [8] Undefined index: childs /home/xiongjiang/www/Theme/default/Public/ArticleSiderbar.php 第 116 行.
NOTIC: [2] Invalid argument supplied for foreach() /home/xiongjiang/www/Theme/default/Public/ArticleSiderbar.php 第 116 行.
SQL: SELECT `meta_value` FROM `v_option` WHERE ( meta_key='site_url' ) LIMIT 1   [ RunTime:0.0001s ]
SQL: SELECT `meta_value` FROM `v_option` WHERE ( meta_key='site_url' ) LIMIT 1   [ RunTime:0.0001s ]
INFO: [ view_filter ] --START--
INFO: Run Behavior\WriteHtmlCacheBehavior [ RunTime:0.000011s ]
INFO: [ view_filter ] --END-- [ RunTime:-0.002169s ]
NOTIC: [8] Undefined index: title /home/xiongjiang/www/Theme/default/Article/single.php 第 24 行.
NOTIC: [8] Undefined index: created /home/xiongjiang/www/Theme/default/Article/single.php 第 27 行.
NOTIC: [8] Undefined index: body /home/xiongjiang/www/Theme/default/Article/single.php 第 38 行.
SQL: SELECT `meta_value` FROM `v_option` WHERE ( meta_key='site_url' ) LIMIT 1   [ RunTime:0.0001s ]
INFO: [ view_filter ] --START--
INFO: Run Behavior\WriteHtmlCacheBehavior [ RunTime:0.000014s ]
INFO: [ view_filter ] --END-- [ RunTime:-0.002818s ]
INFO: [ view_filter ] --START--
INFO: Run Behavior\WriteHtmlCacheBehavior [ RunTime:0.000010s ]
INFO: [ view_filter ] --END-- [ RunTime:-0.002949s ]
INFO: [ app_end ] --START--
INFO: Run Behavior\ShowPageTraceBehavior [ RunTime:0.000405s ]
INFO: [ app_end ] --END-- [ RunTime:0.000467s ]

[ 2015-06-28T16:11:46+08:00 ] 14.214.11.39 /index.php?s=/Article/Index/index/category/0.html
INFO: [ app_init ] --START--
INFO: Run Behavior\BuildLiteBehavior [ RunTime:0.000015s ]
INFO: [ app_init ] --END-- [ RunTime:0.000280s ]
INFO: [ app_begin ] --START--
INFO: Run Behavior\ReadHtmlCacheBehavior [ RunTime:0.000416s ]
SQL: SHOW COLUMNS FROM `v_option` [ RunTime:0.0007s ]
SQL: SELECT `meta_value` FROM `v_option` WHERE `meta_key` = 'EMAIL' AND `type` = 'other' LIMIT 1   [ RunTime:0.0001s ]
SQL: SELECT `meta_value` FROM `v_option` WHERE `lang` = 'zh' AND `meta_key` = 'MOBILE' AND `type` = 'other' LIMIT 1   [ RunTime:0.0001s ]
SQL: SELECT `meta_value` FROM `v_option` WHERE `meta_key` = 'PHONE' AND `type` = 'other' LIMIT 1   [ RunTime:0.0001s ]
SQL: SELECT `meta_value` FROM `v_option` WHERE `lang` = 'zh' AND `meta_key` = 'ABOUT' AND `type` = 'index' LIMIT 1   [ RunTime:0.0001s ]
INFO: Run Behavior\CheckLangBehavior [ RunTime:0.009140s ]
INFO: [ app_begin ] --END-- [ RunTime:0.009649s ]
SQL: SHOW COLUMNS FROM `v_article` [ RunTime:0.0005s ]
SQL: SELECT COUNT(*) AS tp_count FROM `v_article` WHERE `lang` LIKE 'zh' LIMIT 1   [ RunTime:0.0001s ]
NOTIC: [8] Undefined index: p /home/xiongjiang/www/App/Article/Controller/IndexController.class.php 第 32 行.
SQL: SELECT * FROM `v_article` WHERE `lang` LIKE 'zh' ORDER BY `id` desc LIMIT 0,10   [ RunTime:0.0001s ]
SQL: SHOW COLUMNS FROM `v_article_category` [ RunTime:0.0004s ]
SQL: SELECT * FROM `v_article_category` WHERE `lang` = 'zh'  [ RunTime:0.0001s ]
NOTIC: [8] Undefined index: sub_id /home/xiongjiang/www/App/Common/Common/function.php 第 185 行.
NOTIC: [8] Undefined index: sub_id /home/xiongjiang/www/App/Common/Common/function.php 第 185 行.
NOTIC: [8] Undefined index: sub_id /home/xiongjiang/www/App/Common/Common/function.php 第 185 行.
NOTIC: [8] Undefined index: sub_id /home/xiongjiang/www/App/Common/Common/function.php 第 185 行.
NOTIC: [8] Undefined index: sub_id /home/xiongjiang/www/App/Common/Common/function.php 第 185 行.
NOTIC: [8] Undefined index: sub_id /home/xiongjiang/www/App/Common/Common/function.php 第 185 行.
SQL: SELECT `meta_value` FROM `v_option` WHERE (  meta_key='site_name' ) AND `lang` = 'zh' LIMIT 1   [ RunTime:0.0001s ]
SQL: SELECT * FROM `v_option` WHERE `meta_key` = 'meta' AND `lang` = 'zh'  [ RunTime:0.0001s ]
SQL: SELECT `meta_value` FROM `v_option` WHERE ( meta_key='site_url' ) LIMIT 1   [ RunTime:0.0001s ]
SQL: SELECT `meta_value` FROM `v_option` WHERE ( meta_key='site_url' ) LIMIT 1   [ RunTime:0.0001s ]
SQL: SELECT `meta_value` FROM `v_option` WHERE ( meta_key='site_url' ) LIMIT 1   [ RunTime:0.0001s ]
SQL: SELECT `meta_value` FROM `v_option` WHERE ( meta_key='site_url' ) LIMIT 1   [ RunTime:0.0001s ]
SQL: SELECT `meta_value` FROM `v_option` WHERE ( meta_key='site_url' ) LIMIT 1   [ RunTime:0.0001s ]
SQL: SELECT `meta_value` FROM `v_option` WHERE ( meta_key='site_url' ) LIMIT 1   [ RunTime:0.0001s ]
SQL: SELECT `meta_value` FROM `v_option` WHERE ( meta_key='site_url' ) LIMIT 1   [ RunTime:0.0001s ]
SQL: SELECT `meta_value` FROM `v_option` WHERE ( meta_key='site_url' ) LIMIT 1   [ RunTime:0.0001s ]
SQL: SHOW COLUMNS FROM `v_product_category` [ RunTime:0.0005s ]
SQL: SELECT * FROM `v_product_category` WHERE `lang` = 'zh' ORDER BY `order` asc,`created` desc  [ RunTime:0.0001s ]
SQL: SELECT * FROM `v_article_category` WHERE `lang` = 'zh'  [ RunTime:0.0001s ]
SQL: SELECT `meta_value` FROM `v_option` WHERE ( meta_key='site_url' ) LIMIT 1   [ RunTime:0.0001s ]
SQL: SELECT `meta_value` FROM `v_option` WHERE ( meta_key='site_url' ) LIMIT 1   [ RunTime:0.0001s ]
SQL: SELECT `meta_value` FROM `v_option` WHERE ( meta_key='site_url' ) LIMIT 1   [ RunTime:0.0001s ]
SQL: SHOW COLUMNS FROM `v_page` [ RunTime:0.0005s ]
SQL: SELECT `id` FROM `v_page` WHERE `lang` = 'zh' AND `callcode` = 'support' LIMIT 1   [ RunTime:0.0001s ]
SQL: SELECT * FROM `v_page` WHERE `lang` = 'zh' AND `sub_id` = '11'  [ RunTime:0.0002s ]
SQL: SELECT `id` FROM `v_page` WHERE `lang` = 'zh' AND `callcode` = 'channel' LIMIT 1   [ RunTime:0.0001s ]
SQL: SELECT * FROM `v_page` WHERE `lang` = 'zh' AND `sub_id` = '10'  [ RunTime:0.0001s ]
SQL: SELECT `id` FROM `v_page` WHERE `lang` = 'zh' AND `callcode` = 'about' LIMIT 1   [ RunTime:0.0001s ]
SQL: SELECT * FROM `v_page` WHERE `lang` = 'zh' AND `sub_id` = '13'  [ RunTime:0.0001s ]
SQL: SELECT `meta_value` FROM `v_option` WHERE ( meta_key='site_url' ) LIMIT 1   [ RunTime:0.0001s ]
SQL: SELECT `meta_value` FROM `v_option` WHERE ( meta_key='site_url' ) LIMIT 1   [ RunTime:0.0001s ]
SQL: SELECT `meta_value` FROM `v_option` WHERE ( meta_key='site_url' ) LIMIT 1   [ RunTime:0.0001s ]
INFO: [ view_filter ] --START--
INFO: Run Behavior\WriteHtmlCacheBehavior [ RunTime:0.000147s ]
INFO: [ view_filter ] --END-- [ RunTime:0.000215s ]
NOTIC: [8] Undefined variable: currcategory /home/xiongjiang/www/Theme/default/Article/index.php 第 4 行.
NOTIC: [8] Undefined variable: currcategory /home/xiongjiang/www/Theme/default/Article/index.php 第 4 行.
INFO: [ view_filter ] --START--
INFO: Run Behavior\WriteHtmlCacheBehavior [ RunTime:0.000011s ]
INFO: [ view_filter ] --END-- [ RunTime:-0.000431s ]
SQL: SELECT `meta_value` FROM `v_option` WHERE ( meta_key='site_url' ) LIMIT 1   [ RunTime:0.0001s ]
SQL: SELECT `meta_value` FROM `v_option` WHERE ( meta_key='site_url' ) LIMIT 1   [ RunTime:0.0001s ]
SQL: SELECT `meta_value` FROM `v_option` WHERE ( meta_key='site_url' ) LIMIT 1   [ RunTime:0.0001s ]
SQL: SELECT `meta_value` FROM `v_option` WHERE ( meta_key='site_url' ) LIMIT 1   [ RunTime:0.0001s ]
NOTIC: [8] Undefined index: childs /home/xiongjiang/www/Theme/default/Public/ArticleSiderbar.php 第 116 行.
NOTIC: [2] Invalid argument supplied for foreach() /home/xiongjiang/www/Theme/default/Public/ArticleSiderbar.php 第 116 行.
NOTIC: [8] Undefined index: childs /home/xiongjiang/www/Theme/default/Public/ArticleSiderbar.php 第 116 行.
NOTIC: [2] Invalid argument supplied for foreach() /home/xiongjiang/www/Theme/default/Public/ArticleSiderbar.php 第 116 行.
NOTIC: [8] Undefined variable: currcategory /home/xiongjiang/www/Theme/default/Public/ArticleSiderbar.php 第 132 行.
NOTIC: [8] Undefined variable: currcategory /home/xiongjiang/www/Theme/default/Public/ArticleSiderbar.php 第 132 行.
SQL: SELECT `meta_value` FROM `v_option` WHERE ( meta_key='site_url' ) LIMIT 1   [ RunTime:0.0001s ]
NOTIC: [8] Undefined variable: currcategory /home/xiongjiang/www/Theme/default/Public/ArticleSiderbar.php 第 198 行.
NOTIC: [8] Undefined variable: currcategory /home/xiongjiang/www/Theme/default/Public/ArticleSiderbar.php 第 198 行.
SQL: SELECT `meta_value` FROM `v_option` WHERE ( meta_key='site_url' ) LIMIT 1   [ RunTime:0.0001s ]
INFO: [ view_filter ] --START--
INFO: Run Behavior\WriteHtmlCacheBehavior [ RunTime:0.000011s ]
INFO: [ view_filter ] --END-- [ RunTime:-0.002597s ]
NOTIC: [2] Invalid argument supplied for foreach() /home/xiongjiang/www/Theme/default/Article/index.php 第 24 行.
SQL: SELECT `meta_value` FROM `v_option` WHERE ( meta_key='site_url' ) LIMIT 1   [ RunTime:0.0001s ]
INFO: [ view_filter ] --START--
INFO: Run Behavior\WriteHtmlCacheBehavior [ RunTime:0.000011s ]
INFO: [ view_filter ] --END-- [ RunTime:-0.003085s ]
INFO: [ view_filter ] --START--
INFO: Run Behavior\WriteHtmlCacheBehavior [ RunTime:0.000010s ]
INFO: [ view_filter ] --END-- [ RunTime:-0.003199s ]
INFO: [ app_end ] --START--
INFO: Run Behavior\ShowPageTraceBehavior [ RunTime:0.000341s ]
INFO: [ app_end ] --END-- [ RunTime:0.000398s ]

[ 2015-06-28T16:11:48+08:00 ] 14.214.11.39 /index.php?s=/Article/Index/Index/category/1.html
INFO: [ app_init ] --START--
INFO: Run Behavior\BuildLiteBehavior [ RunTime:0.000014s ]
INFO: [ app_init ] --END-- [ RunTime:0.000273s ]
INFO: [ app_begin ] --START--
INFO: Run Behavior\ReadHtmlCacheBehavior [ RunTime:0.000325s ]
SQL: SHOW COLUMNS FROM `v_option` [ RunTime:0.0007s ]
SQL: SELECT `meta_value` FROM `v_option` WHERE `meta_key` = 'EMAIL' AND `type` = 'other' LIMIT 1   [ RunTime:0.0001s ]
SQL: SELECT `meta_value` FROM `v_option` WHERE `lang` = 'zh' AND `meta_key` = 'MOBILE' AND `type` = 'other' LIMIT 1   [ RunTime:0.0001s ]
SQL: SELECT `meta_value` FROM `v_option` WHERE `meta_key` = 'PHONE' AND `type` = 'other' LIMIT 1   [ RunTime:0.0001s ]
SQL: SELECT `meta_value` FROM `v_option` WHERE `lang` = 'zh' AND `meta_key` = 'ABOUT' AND `type` = 'index' LIMIT 1   [ RunTime:0.0001s ]
INFO: Run Behavior\CheckLangBehavior [ RunTime:0.009630s ]
INFO: [ app_begin ] --END-- [ RunTime:0.010055s ]
SQL: SHOW COLUMNS FROM `v_article` [ RunTime:0.0006s ]
SQL: SHOW COLUMNS FROM `v_article_category` [ RunTime:0.0005s ]
SQL: SELECT * FROM `v_article_category` WHERE `lang` = 'zh' AND `id` = 1  [ RunTime:0.0001s ]
SQL: SELECT COUNT(*) AS tp_count FROM `v_article` WHERE `lang` LIKE 'zh' AND `category_id` LIKE '1' LIMIT 1   [ RunTime:0.0001s ]
NOTIC: [8] Undefined index: p /home/xiongjiang/www/App/Article/Controller/IndexController.class.php 第 32 行.
SQL: SELECT * FROM `v_article` WHERE `lang` LIKE 'zh' AND `category_id` LIKE '1' ORDER BY `id` desc LIMIT 0,10   [ RunTime:0.0001s ]
SQL: SELECT * FROM `v_article_category` WHERE `lang` = 'zh'  [ RunTime:0.0001s ]
NOTIC: [8] Undefined index: sub_id /home/xiongjiang/www/App/Common/Common/function.php 第 185 行.
NOTIC: [8] Undefined index: sub_id /home/xiongjiang/www/App/Common/Common/function.php 第 185 行.
NOTIC: [8] Undefined index: sub_id /home/xiongjiang/www/App/Common/Common/function.php 第 185 行.
NOTIC: [8] Undefined index: sub_id /home/xiongjiang/www/App/Common/Common/function.php 第 185 行.
NOTIC: [8] Undefined index: sub_id /home/xiongjiang/www/App/Common/Common/function.php 第 185 行.
NOTIC: [8] Undefined index: sub_id /home/xiongjiang/www/App/Common/Common/function.php 第 185 行.
SQL: SELECT `meta_value` FROM `v_option` WHERE (  meta_key='site_name' ) AND `lang` = 'zh' LIMIT 1   [ RunTime:0.0001s ]
SQL: SELECT * FROM `v_option` WHERE `meta_key` = 'meta' AND `lang` = 'zh'  [ RunTime:0.0001s ]
SQL: SELECT `meta_value` FROM `v_option` WHERE ( meta_key='site_url' ) LIMIT 1   [ RunTime:0.0001s ]
SQL: SELECT `meta_value` FROM `v_option` WHERE ( meta_key='site_url' ) LIMIT 1   [ RunTime:0.0001s ]
SQL: SELECT `meta_value` FROM `v_option` WHERE ( meta_key='site_url' ) LIMIT 1   [ RunTime:0.0001s ]
SQL: SELECT `meta_value` FROM `v_option` WHERE ( meta_key='site_url' ) LIMIT 1   [ RunTime:0.0001s ]
SQL: SELECT `meta_value` FROM `v_option` WHERE ( meta_key='site_url' ) LIMIT 1   [ RunTime:0.0001s ]
SQL: SELECT `meta_value` FROM `v_option` WHERE ( meta_key='site_url' ) LIMIT 1   [ RunTime:0.0001s ]
SQL: SELECT `meta_value` FROM `v_option` WHERE ( meta_key='site_url' ) LIMIT 1   [ RunTime:0.0001s ]
SQL: SELECT `meta_value` FROM `v_option` WHERE ( meta_key='site_url' ) LIMIT 1   [ RunTime:0.0001s ]
SQL: SHOW COLUMNS FROM `v_product_category` [ RunTime:0.0005s ]
SQL: SELECT * FROM `v_product_category` WHERE `lang` = 'zh' ORDER BY `order` asc,`created` desc  [ RunTime:0.0001s ]
SQL: SELECT * FROM `v_article_category` WHERE `lang` = 'zh'  [ RunTime:0.0001s ]
SQL: SELECT `meta_value` FROM `v_option` WHERE ( meta_key='site_url' ) LIMIT 1   [ RunTime:0.0001s ]
SQL: SELECT `meta_value` FROM `v_option` WHERE ( meta_key='site_url' ) LIMIT 1   [ RunTime:0.0001s ]
SQL: SELECT `meta_value` FROM `v_option` WHERE ( meta_key='site_url' ) LIMIT 1   [ RunTime:0.0001s ]
SQL: SHOW COLUMNS FROM `v_page` [ RunTime:0.0006s ]
SQL: SELECT `id` FROM `v_page` WHERE `lang` = 'zh' AND `callcode` = 'support' LIMIT 1   [ RunTime:0.0001s ]
SQL: SELECT * FROM `v_page` WHERE `lang` = 'zh' AND `sub_id` = '11'  [ RunTime:0.0002s ]
SQL: SELECT `id` FROM `v_page` WHERE `lang` = 'zh' AND `callcode` = 'channel' LIMIT 1   [ RunTime:0.0001s ]
SQL: SELECT * FROM `v_page` WHERE `lang` = 'zh' AND `sub_id` = '10'  [ RunTime:0.0001s ]
SQL: SELECT `id` FROM `v_page` WHERE `lang` = 'zh' AND `callcode` = 'about' LIMIT 1   [ RunTime:0.0001s ]
SQL: SELECT * FROM `v_page` WHERE `lang` = 'zh' AND `sub_id` = '13'  [ RunTime:0.0001s ]
SQL: SELECT `meta_value` FROM `v_option` WHERE ( meta_key='site_url' ) LIMIT 1   [ RunTime:0.0001s ]
SQL: SELECT `meta_value` FROM `v_option` WHERE ( meta_key='site_url' ) LIMIT 1   [ RunTime:0.0001s ]
SQL: SELECT `meta_value` FROM `v_option` WHERE ( meta_key='site_url' ) LIMIT 1   [ RunTime:0.0001s ]
INFO: [ view_filter ] --START--
INFO: Run Behavior\WriteHtmlCacheBehavior [ RunTime:0.000141s ]
INFO: [ view_filter ] --END-- [ RunTime:0.000207s ]
INFO: [ view_filter ] --START--
INFO: Run Behavior\WriteHtmlCacheBehavior [ RunTime:0.000019s ]
INFO: [ view_filter ] --END-- [ RunTime:-0.000495s ]
SQL: SELECT `meta_value` FROM `v_option` WHERE ( meta_key='site_url' ) LIMIT 1   [ RunTime:0.0001s ]
SQL: SELECT `meta_value` FROM `v_option` WHERE ( meta_key='site_url' ) LIMIT 1   [ RunTime:0.0001s ]
SQL: SELECT `meta_value` FROM `v_option` WHERE ( meta_key='site_url' ) LIMIT 1   [ RunTime:0.0001s ]
SQL: SELECT `meta_value` FROM `v_option` WHERE ( meta_key='site_url' ) LIMIT 1   [ RunTime:0.0001s ]
NOTIC: [8] Undefined index: childs /home/xiongjiang/www/Theme/default/Public/ArticleSiderbar.php 第 116 行.
NOTIC: [2] Invalid argument supplied for foreach() /home/xiongjiang/www/Theme/default/Public/ArticleSiderbar.php 第 116 行.
NOTIC: [8] Undefined index: childs /home/xiongjiang/www/Theme/default/Public/ArticleSiderbar.php 第 116 行.
NOTIC: [2] Invalid argument supplied for foreach() /home/xiongjiang/www/Theme/default/Public/ArticleSiderbar.php 第 116 行.
SQL: SELECT `meta_value` FROM `v_option` WHERE ( meta_key='site_url' ) LIMIT 1   [ RunTime:0.0001s ]
SQL: SELECT `meta_value` FROM `v_option` WHERE ( meta_key='site_url' ) LIMIT 1   [ RunTime:0.0001s ]
INFO: [ view_filter ] --START--
INFO: Run Behavior\WriteHtmlCacheBehavior [ RunTime:0.000019s ]
INFO: [ view_filter ] --END-- [ RunTime:-0.003057s ]
NOTIC: [2] Invalid argument supplied for foreach() /home/xiongjiang/www/Theme/default/Article/index.php 第 24 行.
SQL: SELECT `meta_value` FROM `v_option` WHERE ( meta_key='site_url' ) LIMIT 1   [ RunTime:0.0001s ]
INFO: [ view_filter ] --START--
INFO: Run Behavior\WriteHtmlCacheBehavior [ RunTime:0.000012s ]
INFO: [ view_filter ] --END-- [ RunTime:-0.003670s ]
INFO: [ view_filter ] --START--
INFO: Run Behavior\WriteHtmlCacheBehavior [ RunTime:0.000011s ]
INFO: [ view_filter ] --END-- [ RunTime:-0.003798s ]
INFO: [ app_end ] --START--
INFO: Run Behavior\ShowPageTraceBehavior [ RunTime:0.000347s ]
INFO: [ app_end ] --END-- [ RunTime:0.000406s ]

